{"meta": {"format": 3, "version": "7.10.6", "timestamp": "2025-09-22T08:32:28.314060", "branch_coverage": false, "show_contexts": false}, "files": {"api\\__init__.py": {"executed_lines": [0], "summary": {"covered_lines": 0, "num_statements": 0, "percent_covered": 100.0, "percent_covered_display": "100", "missing_lines": 0, "excluded_lines": 0}, "missing_lines": [], "excluded_lines": [], "functions": {"": {"executed_lines": [], "summary": {"covered_lines": 0, "num_statements": 0, "percent_covered": 100.0, "percent_covered_display": "100", "missing_lines": 0, "excluded_lines": 0}, "missing_lines": [], "excluded_lines": []}}, "classes": {"": {"executed_lines": [], "summary": {"covered_lines": 0, "num_statements": 0, "percent_covered": 100.0, "percent_covered_display": "100", "missing_lines": 0, "excluded_lines": 0}, "missing_lines": [], "excluded_lines": []}}}, "api\\models\\__init__.py": {"executed_lines": [0], "summary": {"covered_lines": 0, "num_statements": 0, "percent_covered": 100.0, "percent_covered_display": "100", "missing_lines": 0, "excluded_lines": 0}, "missing_lines": [], "excluded_lines": [], "functions": {"": {"executed_lines": [], "summary": {"covered_lines": 0, "num_statements": 0, "percent_covered": 100.0, "percent_covered_display": "100", "missing_lines": 0, "excluded_lines": 0}, "missing_lines": [], "excluded_lines": []}}, "classes": {"": {"executed_lines": [], "summary": {"covered_lines": 0, "num_statements": 0, "percent_covered": 100.0, "percent_covered_display": "100", "missing_lines": 0, "excluded_lines": 0}, "missing_lines": [], "excluded_lines": []}}}, "api\\models\\auth.py": {"executed_lines": [1, 4, 6, 7, 9, 12, 13, 20, 27, 28, 29, 39, 40, 46, 54, 55, 56, 57, 58, 59, 60, 61, 63, 78, 79, 80, 81, 83], "summary": {"covered_lines": 27, "num_statements": 34, "percent_covered": 79.41176470588235, "percent_covered_display": "79", "missing_lines": 7, "excluded_lines": 0}, "missing_lines": [30, 31, 32, 33, 34, 35, 36], "excluded_lines": [], "functions": {"RegisterRequest.validate_password_strength": {"executed_lines": [], "summary": {"covered_lines": 0, "num_statements": 7, "percent_covered": 0.0, "percent_covered_display": "0", "missing_lines": 7, "excluded_lines": 0}, "missing_lines": [30, 31, 32, 33, 34, 35, 36], "excluded_lines": []}, "": {"executed_lines": [1, 4, 6, 7, 9, 12, 13, 20, 27, 28, 29, 39, 40, 46, 54, 55, 56, 57, 58, 59, 60, 61, 63, 78, 79, 80, 81, 83], "summary": {"covered_lines": 27, "num_statements": 27, "percent_covered": 100.0, "percent_covered_display": "100", "missing_lines": 0, "excluded_lines": 0}, "missing_lines": [], "excluded_lines": []}}, "classes": {"RegisterRequest": {"executed_lines": [], "summary": {"covered_lines": 0, "num_statements": 7, "percent_covered": 0.0, "percent_covered_display": "0", "missing_lines": 7, "excluded_lines": 0}, "missing_lines": [30, 31, 32, 33, 34, 35, 36], "excluded_lines": []}, "LoginRequest": {"executed_lines": [], "summary": {"covered_lines": 0, "num_statements": 0, "percent_covered": 100.0, "percent_covered_display": "100", "missing_lines": 0, "excluded_lines": 0}, "missing_lines": [], "excluded_lines": []}, "UserResponse": {"executed_lines": [], "summary": {"covered_lines": 0, "num_statements": 0, "percent_covered": 100.0, "percent_covered_display": "100", "missing_lines": 0, "excluded_lines": 0}, "missing_lines": [], "excluded_lines": []}, "AuthResponse": {"executed_lines": [], "summary": {"covered_lines": 0, "num_statements": 0, "percent_covered": 100.0, "percent_covered_display": "100", "missing_lines": 0, "excluded_lines": 0}, "missing_lines": [], "excluded_lines": []}, "": {"executed_lines": [1, 4, 6, 7, 9, 12, 13, 20, 27, 28, 29, 39, 40, 46, 54, 55, 56, 57, 58, 59, 60, 61, 63, 78, 79, 80, 81, 83], "summary": {"covered_lines": 27, "num_statements": 27, "percent_covered": 100.0, "percent_covered_display": "100", "missing_lines": 0, "excluded_lines": 0}, "missing_lines": [], "excluded_lines": []}}}, "api\\models\\processing.py": {"executed_lines": [1, 4, 6, 8, 11, 12, 18, 19, 20, 33, 34, 38, 44, 50, 55, 60, 64, 68, 73, 89, 90, 96, 97, 98, 104, 105, 110, 117, 125, 126, 127, 132, 133, 134, 140, 141, 146, 153, 161, 162, 163, 168, 169, 170, 178, 179, 180, 186, 187, 192, 197, 203, 204, 205, 210, 211, 212, 217], "summary": {"covered_lines": 57, "num_statements": 89, "percent_covered": 64.04494382022472, "percent_covered_display": "64", "missing_lines": 32, "excluded_lines": 0}, "missing_lines": [21, 22, 24, 25, 26, 27, 99, 100, 101, 128, 129, 130, 135, 136, 137, 164, 165, 166, 172, 173, 174, 175, 176, 181, 182, 183, 206, 207, 208, 213, 214, 215], "excluded_lines": [], "functions": {"TranscribeRequest.validate_video_path": {"executed_lines": [], "summary": {"covered_lines": 0, "num_statements": 6, "percent_covered": 0.0, "percent_covered_display": "0", "missing_lines": 6, "excluded_lines": 0}, "missing_lines": [21, 22, 24, 25, 26, 27], "excluded_lines": []}, "FilterRequest.validate_video_path": {"executed_lines": [], "summary": {"covered_lines": 0, "num_statements": 3, "percent_covered": 0.0, "percent_covered_display": "0", "missing_lines": 3, "excluded_lines": 0}, "missing_lines": [99, 100, 101], "excluded_lines": []}, "TranslateRequest.validate_video_path": {"executed_lines": [], "summary": {"covered_lines": 0, "num_statements": 3, "percent_covered": 0.0, "percent_covered_display": "0", "missing_lines": 3, "excluded_lines": 0}, "missing_lines": [128, 129, 130], "excluded_lines": []}, "TranslateRequest.validate_different_languages": {"executed_lines": [], "summary": {"covered_lines": 0, "num_statements": 3, "percent_covered": 0.0, "percent_covered_display": "0", "missing_lines": 3, "excluded_lines": 0}, "missing_lines": [135, 136, 137], "excluded_lines": []}, "FullPipelineRequest.validate_video_path": {"executed_lines": [], "summary": {"covered_lines": 0, "num_statements": 3, "percent_covered": 0.0, "percent_covered_display": "0", "missing_lines": 3, "excluded_lines": 0}, "missing_lines": [164, 165, 166], "excluded_lines": []}, "FullPipelineRequest.validate_language_codes": {"executed_lines": [], "summary": {"covered_lines": 0, "num_statements": 5, "percent_covered": 0.0, "percent_covered_display": "0", "missing_lines": 5, "excluded_lines": 0}, "missing_lines": [172, 173, 174, 175, 176], "excluded_lines": []}, "FullPipelineRequest.validate_different_languages": {"executed_lines": [], "summary": {"covered_lines": 0, "num_statements": 3, "percent_covered": 0.0, "percent_covered_display": "0", "missing_lines": 3, "excluded_lines": 0}, "missing_lines": [181, 182, 183], "excluded_lines": []}, "ChunkProcessingRequest.validate_video_path": {"executed_lines": [], "summary": {"covered_lines": 0, "num_statements": 3, "percent_covered": 0.0, "percent_covered_display": "0", "missing_lines": 3, "excluded_lines": 0}, "missing_lines": [206, 207, 208], "excluded_lines": []}, "ChunkProcessingRequest.validate_time_range": {"executed_lines": [], "summary": {"covered_lines": 0, "num_statements": 3, "percent_covered": 0.0, "percent_covered_display": "0", "missing_lines": 3, "excluded_lines": 0}, "missing_lines": [213, 214, 215], "excluded_lines": []}, "": {"executed_lines": [1, 4, 6, 8, 11, 12, 18, 19, 20, 33, 34, 38, 44, 50, 55, 60, 64, 68, 73, 89, 90, 96, 97, 98, 104, 105, 110, 117, 125, 126, 127, 132, 133, 134, 140, 141, 146, 153, 161, 162, 163, 168, 169, 170, 178, 179, 180, 186, 187, 192, 197, 203, 204, 205, 210, 211, 212, 217], "summary": {"covered_lines": 57, "num_statements": 57, "percent_covered": 100.0, "percent_covered_display": "100", "missing_lines": 0, "excluded_lines": 0}, "missing_lines": [], "excluded_lines": []}}, "classes": {"TranscribeRequest": {"executed_lines": [], "summary": {"covered_lines": 0, "num_statements": 6, "percent_covered": 0.0, "percent_covered_display": "0", "missing_lines": 6, "excluded_lines": 0}, "missing_lines": [21, 22, 24, 25, 26, 27], "excluded_lines": []}, "ProcessingStatus": {"executed_lines": [], "summary": {"covered_lines": 0, "num_statements": 0, "percent_covered": 100.0, "percent_covered_display": "100", "missing_lines": 0, "excluded_lines": 0}, "missing_lines": [], "excluded_lines": []}, "FilterRequest": {"executed_lines": [], "summary": {"covered_lines": 0, "num_statements": 3, "percent_covered": 0.0, "percent_covered_display": "0", "missing_lines": 3, "excluded_lines": 0}, "missing_lines": [99, 100, 101], "excluded_lines": []}, "TranslateRequest": {"executed_lines": [], "summary": {"covered_lines": 0, "num_statements": 6, "percent_covered": 0.0, "percent_covered_display": "0", "missing_lines": 6, "excluded_lines": 0}, "missing_lines": [128, 129, 130, 135, 136, 137], "excluded_lines": []}, "FullPipelineRequest": {"executed_lines": [], "summary": {"covered_lines": 0, "num_statements": 11, "percent_covered": 0.0, "percent_covered_display": "0", "missing_lines": 11, "excluded_lines": 0}, "missing_lines": [164, 165, 166, 172, 173, 174, 175, 176, 181, 182, 183], "excluded_lines": []}, "ChunkProcessingRequest": {"executed_lines": [], "summary": {"covered_lines": 0, "num_statements": 6, "percent_covered": 0.0, "percent_covered_display": "0", "missing_lines": 6, "excluded_lines": 0}, "missing_lines": [206, 207, 208, 213, 214, 215], "excluded_lines": []}, "": {"executed_lines": [1, 4, 6, 8, 11, 12, 18, 19, 20, 33, 34, 38, 44, 50, 55, 60, 64, 68, 73, 89, 90, 96, 97, 98, 104, 105, 110, 117, 125, 126, 127, 132, 133, 134, 140, 141, 146, 153, 161, 162, 163, 168, 169, 170, 178, 179, 180, 186, 187, 192, 197, 203, 204, 205, 210, 211, 212, 217], "summary": {"covered_lines": 57, "num_statements": 57, "percent_covered": 100.0, "percent_covered_display": "100", "missing_lines": 0, "excluded_lines": 0}, "missing_lines": [], "excluded_lines": []}}}, "api\\models\\video.py": {"executed_lines": [1, 5, 8, 9, 15, 21, 27, 33, 38, 42, 48, 49, 50, 59], "summary": {"covered_lines": 13, "num_statements": 19, "percent_covered": 68.42105263157895, "percent_covered_display": "68", "missing_lines": 6, "excluded_lines": 0}, "missing_lines": [51, 52, 54, 55, 56, 57], "excluded_lines": [], "functions": {"VideoInfo.validate_path_format": {"executed_lines": [], "summary": {"covered_lines": 0, "num_statements": 6, "percent_covered": 0.0, "percent_covered_display": "0", "missing_lines": 6, "excluded_lines": 0}, "missing_lines": [51, 52, 54, 55, 56, 57], "excluded_lines": []}, "": {"executed_lines": [1, 5, 8, 9, 15, 21, 27, 33, 38, 42, 48, 49, 50, 59], "summary": {"covered_lines": 13, "num_statements": 13, "percent_covered": 100.0, "percent_covered_display": "100", "missing_lines": 0, "excluded_lines": 0}, "missing_lines": [], "excluded_lines": []}}, "classes": {"VideoInfo": {"executed_lines": [], "summary": {"covered_lines": 0, "num_statements": 6, "percent_covered": 0.0, "percent_covered_display": "0", "missing_lines": 6, "excluded_lines": 0}, "missing_lines": [51, 52, 54, 55, 56, 57], "excluded_lines": []}, "": {"executed_lines": [1, 5, 8, 9, 15, 21, 27, 33, 38, 42, 48, 49, 50, 59], "summary": {"covered_lines": 13, "num_statements": 13, "percent_covered": 100.0, "percent_covered_display": "100", "missing_lines": 0, "excluded_lines": 0}, "missing_lines": [], "excluded_lines": []}}}, "api\\models\\vocabulary.py": {"executed_lines": [1, 5, 8, 9, 15, 20, 25, 30, 31, 32, 38, 39, 45, 50, 51, 52, 58, 59, 64, 70, 75, 81, 86, 92, 93, 98, 102, 107, 113, 114, 115, 121, 122, 127, 133, 134, 138, 143, 149, 150, 151, 156], "summary": {"covered_lines": 41, "num_statements": 53, "percent_covered": 77.35849056603773, "percent_covered_display": "77", "missing_lines": 12, "excluded_lines": 0}, "missing_lines": [33, 34, 35, 53, 54, 55, 116, 117, 118, 152, 153, 154], "excluded_lines": [], "functions": {"VocabularyWord.validate_word": {"executed_lines": [], "summary": {"covered_lines": 0, "num_statements": 3, "percent_covered": 0.0, "percent_covered_display": "0", "missing_lines": 3, "excluded_lines": 0}, "missing_lines": [33, 34, 35], "excluded_lines": []}, "MarkKnownRequest.validate_word": {"executed_lines": [], "summary": {"covered_lines": 0, "num_statements": 3, "percent_covered": 0.0, "percent_covered_display": "0", "missing_lines": 3, "excluded_lines": 0}, "missing_lines": [53, 54, 55], "excluded_lines": []}, "VocabularyLevel.validate_known_count": {"executed_lines": [], "summary": {"covered_lines": 0, "num_statements": 3, "percent_covered": 0.0, "percent_covered_display": "0", "missing_lines": 3, "excluded_lines": 0}, "missing_lines": [116, 117, 118], "excluded_lines": []}, "VocabularyStats.validate_total_known": {"executed_lines": [], "summary": {"covered_lines": 0, "num_statements": 3, "percent_covered": 0.0, "percent_covered_display": "0", "missing_lines": 3, "excluded_lines": 0}, "missing_lines": [152, 153, 154], "excluded_lines": []}, "": {"executed_lines": [1, 5, 8, 9, 15, 20, 25, 30, 31, 32, 38, 39, 45, 50, 51, 52, 58, 59, 64, 70, 75, 81, 86, 92, 93, 98, 102, 107, 113, 114, 115, 121, 122, 127, 133, 134, 138, 143, 149, 150, 151, 156], "summary": {"covered_lines": 41, "num_statements": 41, "percent_covered": 100.0, "percent_covered_display": "100", "missing_lines": 0, "excluded_lines": 0}, "missing_lines": [], "excluded_lines": []}}, "classes": {"VocabularyWord": {"executed_lines": [], "summary": {"covered_lines": 0, "num_statements": 3, "percent_covered": 0.0, "percent_covered_display": "0", "missing_lines": 3, "excluded_lines": 0}, "missing_lines": [33, 34, 35], "excluded_lines": []}, "MarkKnownRequest": {"executed_lines": [], "summary": {"covered_lines": 0, "num_statements": 3, "percent_covered": 0.0, "percent_covered_display": "0", "missing_lines": 3, "excluded_lines": 0}, "missing_lines": [53, 54, 55], "excluded_lines": []}, "VocabularyLibraryWord": {"executed_lines": [], "summary": {"covered_lines": 0, "num_statements": 0, "percent_covered": 100.0, "percent_covered_display": "100", "missing_lines": 0, "excluded_lines": 0}, "missing_lines": [], "excluded_lines": []}, "VocabularyLevel": {"executed_lines": [], "summary": {"covered_lines": 0, "num_statements": 3, "percent_covered": 0.0, "percent_covered_display": "0", "missing_lines": 3, "excluded_lines": 0}, "missing_lines": [116, 117, 118], "excluded_lines": []}, "BulkMarkRequest": {"executed_lines": [], "summary": {"covered_lines": 0, "num_statements": 0, "percent_covered": 100.0, "percent_covered_display": "100", "missing_lines": 0, "excluded_lines": 0}, "missing_lines": [], "excluded_lines": []}, "VocabularyStats": {"executed_lines": [], "summary": {"covered_lines": 0, "num_statements": 3, "percent_covered": 0.0, "percent_covered_display": "0", "missing_lines": 3, "excluded_lines": 0}, "missing_lines": [152, 153, 154], "excluded_lines": []}, "": {"executed_lines": [1, 5, 8, 9, 15, 20, 25, 30, 31, 32, 38, 39, 45, 50, 51, 52, 58, 59, 64, 70, 75, 81, 86, 92, 93, 98, 102, 107, 113, 114, 115, 121, 122, 127, 133, 134, 138, 143, 149, 150, 151, 156], "summary": {"covered_lines": 41, "num_statements": 41, "percent_covered": 100.0, "percent_covered_display": "100", "missing_lines": 0, "excluded_lines": 0}, "missing_lines": [], "excluded_lines": []}}}, "api\\routes\\__init__.py": {"executed_lines": [0], "summary": {"covered_lines": 0, "num_statements": 0, "percent_covered": 100.0, "percent_covered_display": "100", "missing_lines": 0, "excluded_lines": 0}, "missing_lines": [], "excluded_lines": [], "functions": {"": {"executed_lines": [], "summary": {"covered_lines": 0, "num_statements": 0, "percent_covered": 100.0, "percent_covered_display": "100", "missing_lines": 0, "excluded_lines": 0}, "missing_lines": [], "excluded_lines": []}}, "classes": {"": {"executed_lines": [], "summary": {"covered_lines": 0, "num_statements": 0, "percent_covered": 100.0, "percent_covered_display": "100", "missing_lines": 0, "excluded_lines": 0}, "missing_lines": [], "excluded_lines": []}}}, "api\\routes\\auth.py": {"executed_lines": [1, 4, 5, 7, 9, 10, 12, 14, 15, 17, 18, 29, 30], "summary": {"covered_lines": 12, "num_statements": 14, "percent_covered": 85.71428571428571, "percent_covered_display": "86", "missing_lines": 2, "excluded_lines": 0}, "missing_lines": [20, 34], "excluded_lines": [], "functions": {"test_prefix_endpoint": {"executed_lines": [], "summary": {"covered_lines": 0, "num_statements": 1, "percent_covered": 0.0, "percent_covered_display": "0", "missing_lines": 1, "excluded_lines": 0}, "missing_lines": [20], "excluded_lines": []}, "get_current_user_info": {"executed_lines": [], "summary": {"covered_lines": 0, "num_statements": 1, "percent_covered": 0.0, "percent_covered_display": "0", "missing_lines": 1, "excluded_lines": 0}, "missing_lines": [34], "excluded_lines": []}, "": {"executed_lines": [1, 4, 5, 7, 9, 10, 12, 14, 15, 17, 18, 29, 30], "summary": {"covered_lines": 12, "num_statements": 12, "percent_covered": 100.0, "percent_covered_display": "100", "missing_lines": 0, "excluded_lines": 0}, "missing_lines": [], "excluded_lines": []}}, "classes": {"": {"executed_lines": [1, 4, 5, 7, 9, 10, 12, 14, 15, 17, 18, 29, 30], "summary": {"covered_lines": 12, "num_statements": 14, "percent_covered": 85.71428571428571, "percent_covered_display": "86", "missing_lines": 2, "excluded_lines": 0}, "missing_lines": [20, 34], "excluded_lines": []}}}, "api\\routes\\debug.py": {"executed_lines": [1, 5, 6, 8, 9, 11, 12, 13, 16, 17, 18, 19, 20, 21, 22, 23, 24, 25, 26, 29, 30, 48, 49, 69, 70, 76, 77], "summary": {"covered_lines": 26, "num_statements": 39, "percent_covered": 66.66666666666667, "percent_covered_display": "67", "missing_lines": 13, "excluded_lines": 0}, "missing_lines": [32, 34, 37, 41, 43, 44, 45, 51, 52, 72, 73, 79, 80], "excluded_lines": [], "functions": {"receive_frontend_log": {"executed_lines": [], "summary": {"covered_lines": 0, "num_statements": 7, "percent_covered": 0.0, "percent_covered_display": "0", "missing_lines": 7, "excluded_lines": 0}, "missing_lines": [32, 34, 37, 41, 43, 44, 45], "excluded_lines": []}, "debug_health": {"executed_lines": [], "summary": {"covered_lines": 0, "num_statements": 2, "percent_covered": 0.0, "percent_covered_display": "0", "missing_lines": 2, "excluded_lines": 0}, "missing_lines": [51, 52], "excluded_lines": []}, "test_minimal_post": {"executed_lines": [], "summary": {"covered_lines": 0, "num_statements": 2, "percent_covered": 0.0, "percent_covered_display": "0", "missing_lines": 2, "excluded_lines": 0}, "missing_lines": [72, 73], "excluded_lines": []}, "test_post_with_data": {"executed_lines": [], "summary": {"covered_lines": 0, "num_statements": 2, "percent_covered": 0.0, "percent_covered_display": "0", "missing_lines": 2, "excluded_lines": 0}, "missing_lines": [79, 80], "excluded_lines": []}, "": {"executed_lines": [1, 5, 6, 8, 9, 11, 12, 13, 16, 17, 18, 19, 20, 21, 22, 23, 24, 25, 26, 29, 30, 48, 49, 69, 70, 76, 77], "summary": {"covered_lines": 26, "num_statements": 26, "percent_covered": 100.0, "percent_covered_display": "100", "missing_lines": 0, "excluded_lines": 0}, "missing_lines": [], "excluded_lines": []}}, "classes": {"FrontendLogEntry": {"executed_lines": [], "summary": {"covered_lines": 0, "num_statements": 0, "percent_covered": 100.0, "percent_covered_display": "100", "missing_lines": 0, "excluded_lines": 0}, "missing_lines": [], "excluded_lines": []}, "": {"executed_lines": [1, 5, 6, 8, 9, 11, 12, 13, 16, 17, 18, 19, 20, 21, 22, 23, 24, 25, 26, 29, 30, 48, 49, 69, 70, 76, 77], "summary": {"covered_lines": 26, "num_statements": 39, "percent_covered": 66.66666666666667, "percent_covered_display": "67", "missing_lines": 13, "excluded_lines": 0}, "missing_lines": [32, 34, 37, 41, 43, 44, 45, 51, 52, 72, 73, 79, 80], "excluded_lines": []}}}, "api\\routes\\game.py": {"executed_lines": [1, 2, 3, 4, 5, 6, 8, 9, 11, 12, 13, 15, 17, 20, 21, 22, 23, 24, 25, 26, 27, 28, 29, 30, 31, 32, 33, 34, 35, 36, 39, 40, 41, 42, 43, 44, 45, 46, 47, 48, 49, 52, 53, 54, 55, 56, 57, 60, 61, 62, 63, 64, 67, 68, 123, 124, 155, 156, 233, 234, 275], "summary": {"covered_lines": 56, "num_statements": 173, "percent_covered": 32.369942196531795, "percent_covered_display": "32", "missing_lines": 117, "excluded_lines": 0}, "missing_lines": [73, 75, 78, 90, 98, 104, 105, 108, 109, 110, 112, 113, 115, 116, 118, 119, 120, 129, 130, 132, 133, 135, 136, 139, 140, 141, 143, 145, 146, 148, 149, 150, 151, 152, 161, 163, 165, 166, 169, 170, 171, 172, 173, 174, 176, 177, 180, 181, 184, 185, 188, 189, 190, 193, 194, 195, 196, 198, 201, 202, 203, 206, 207, 208, 209, 210, 212, 213, 215, 223, 224, 226, 227, 228, 229, 230, 239, 240, 242, 243, 245, 246, 249, 251, 252, 253, 254, 257, 258, 259, 261, 263, 264, 265, 267, 268, 270, 271, 272, 282, 285, 286, 295, 296, 297, 299, 300, 301, 308, 310, 312, 313, 321, 325, 326, 334, 336], "excluded_lines": [], "functions": {"start_game_session": {"executed_lines": [], "summary": {"covered_lines": 0, "num_statements": 17, "percent_covered": 0.0, "percent_covered_display": "0", "missing_lines": 17, "excluded_lines": 0}, "missing_lines": [73, 75, 78, 90, 98, 104, 105, 108, 109, 110, 112, 113, 115, 116, 118, 119, 120], "excluded_lines": []}, "get_game_session": {"executed_lines": [], "summary": {"covered_lines": 0, "num_statements": 17, "percent_covered": 0.0, "percent_covered_display": "0", "missing_lines": 17, "excluded_lines": 0}, "missing_lines": [129, 130, 132, 133, 135, 136, 139, 140, 141, 143, 145, 146, 148, 149, 150, 151, 152], "excluded_lines": []}, "submit_answer": {"executed_lines": [], "summary": {"covered_lines": 0, "num_statements": 42, "percent_covered": 0.0, "percent_covered_display": "0", "missing_lines": 42, "excluded_lines": 0}, "missing_lines": [161, 163, 165, 166, 169, 170, 171, 172, 173, 174, 176, 177, 180, 181, 184, 185, 188, 189, 190, 193, 194, 195, 196, 198, 201, 202, 203, 206, 207, 208, 209, 210, 212, 213, 215, 223, 224, 226, 227, 228, 229, 230], "excluded_lines": []}, "get_user_game_sessions": {"executed_lines": [], "summary": {"covered_lines": 0, "num_statements": 23, "percent_covered": 0.0, "percent_covered_display": "0", "missing_lines": 23, "excluded_lines": 0}, "missing_lines": [239, 240, 242, 243, 245, 246, 249, 251, 252, 253, 254, 257, 258, 259, 261, 263, 264, 265, 267, 268, 270, 271, 272], "excluded_lines": []}, "generate_game_questions": {"executed_lines": [], "summary": {"covered_lines": 0, "num_statements": 18, "percent_covered": 0.0, "percent_covered_display": "0", "missing_lines": 18, "excluded_lines": 0}, "missing_lines": [282, 285, 286, 295, 296, 297, 299, 300, 301, 308, 310, 312, 313, 321, 325, 326, 334, 336], "excluded_lines": []}, "": {"executed_lines": [1, 2, 3, 4, 5, 6, 8, 9, 11, 12, 13, 15, 17, 20, 21, 22, 23, 24, 25, 26, 27, 28, 29, 30, 31, 32, 33, 34, 35, 36, 39, 40, 41, 42, 43, 44, 45, 46, 47, 48, 49, 52, 53, 54, 55, 56, 57, 60, 61, 62, 63, 64, 67, 68, 123, 124, 155, 156, 233, 234, 275], "summary": {"covered_lines": 56, "num_statements": 56, "percent_covered": 100.0, "percent_covered_display": "100", "missing_lines": 0, "excluded_lines": 0}, "missing_lines": [], "excluded_lines": []}}, "classes": {"GameSession": {"executed_lines": [], "summary": {"covered_lines": 0, "num_statements": 0, "percent_covered": 100.0, "percent_covered_display": "100", "missing_lines": 0, "excluded_lines": 0}, "missing_lines": [], "excluded_lines": []}, "GameQuestion": {"executed_lines": [], "summary": {"covered_lines": 0, "num_statements": 0, "percent_covered": 100.0, "percent_covered_display": "100", "missing_lines": 0, "excluded_lines": 0}, "missing_lines": [], "excluded_lines": []}, "StartGameRequest": {"executed_lines": [], "summary": {"covered_lines": 0, "num_statements": 0, "percent_covered": 100.0, "percent_covered_display": "100", "missing_lines": 0, "excluded_lines": 0}, "missing_lines": [], "excluded_lines": []}, "AnswerRequest": {"executed_lines": [], "summary": {"covered_lines": 0, "num_statements": 0, "percent_covered": 100.0, "percent_covered_display": "100", "missing_lines": 0, "excluded_lines": 0}, "missing_lines": [], "excluded_lines": []}, "": {"executed_lines": [1, 2, 3, 4, 5, 6, 8, 9, 11, 12, 13, 15, 17, 20, 21, 22, 23, 24, 25, 26, 27, 28, 29, 30, 31, 32, 33, 34, 35, 36, 39, 40, 41, 42, 43, 44, 45, 46, 47, 48, 49, 52, 53, 54, 55, 56, 57, 60, 61, 62, 63, 64, 67, 68, 123, 124, 155, 156, 233, 234, 275], "summary": {"covered_lines": 56, "num_statements": 173, "percent_covered": 32.369942196531795, "percent_covered_display": "32", "missing_lines": 117, "excluded_lines": 0}, "missing_lines": [73, 75, 78, 90, 98, 104, 105, 108, 109, 110, 112, 113, 115, 116, 118, 119, 120, 129, 130, 132, 133, 135, 136, 139, 140, 141, 143, 145, 146, 148, 149, 150, 151, 152, 161, 163, 165, 166, 169, 170, 171, 172, 173, 174, 176, 177, 180, 181, 184, 185, 188, 189, 190, 193, 194, 195, 196, 198, 201, 202, 203, 206, 207, 208, 209, 210, 212, 213, 215, 223, 224, 226, 227, 228, 229, 230, 239, 240, 242, 243, 245, 246, 249, 251, 252, 253, 254, 257, 258, 259, 261, 263, 264, 265, 267, 268, 270, 271, 272, 282, 285, 286, 295, 296, 297, 299, 300, 301, 308, 310, 312, 313, 321, 325, 326, 334, 336], "excluded_lines": []}}}, "api\\routes\\logout.py": {"executed_lines": [1, 4, 5, 6, 8, 9, 10, 12, 13, 14, 15, 17, 18, 20, 23, 24], "summary": {"covered_lines": 15, "num_statements": 36, "percent_covered": 41.666666666666664, "percent_covered_display": "42", "missing_lines": 21, "excluded_lines": 0}, "missing_lines": [31, 32, 35, 36, 38, 40, 43, 44, 45, 46, 47, 48, 50, 51, 54, 55, 57, 60, 62, 63, 64], "excluded_lines": [], "functions": {"logout": {"executed_lines": [], "summary": {"covered_lines": 0, "num_statements": 21, "percent_covered": 0.0, "percent_covered_display": "0", "missing_lines": 21, "excluded_lines": 0}, "missing_lines": [31, 32, 35, 36, 38, 40, 43, 44, 45, 46, 47, 48, 50, 51, 54, 55, 57, 60, 62, 63, 64], "excluded_lines": []}, "": {"executed_lines": [1, 4, 5, 6, 8, 9, 10, 12, 13, 14, 15, 17, 18, 20, 23, 24], "summary": {"covered_lines": 15, "num_statements": 15, "percent_covered": 100.0, "percent_covered_display": "100", "missing_lines": 0, "excluded_lines": 0}, "missing_lines": [], "excluded_lines": []}}, "classes": {"": {"executed_lines": [1, 4, 5, 6, 8, 9, 10, 12, 13, 14, 15, 17, 18, 20, 23, 24], "summary": {"covered_lines": 15, "num_statements": 36, "percent_covered": 41.666666666666664, "percent_covered_display": "42", "missing_lines": 21, "excluded_lines": 0}, "missing_lines": [31, 32, 35, 36, 38, 40, 43, 44, 45, 46, 47, 48, 50, 51, 54, 55, 57, 60, 62, 63, 64], "excluded_lines": []}}}, "api\\routes\\logs.py": {"executed_lines": [1, 4, 5, 7, 8, 10, 12, 13, 16, 17, 18, 19, 20, 21, 24, 25, 26, 29, 30, 66, 67, 94, 95], "summary": {"covered_lines": 22, "num_statements": 67, "percent_covered": 32.83582089552239, "percent_covered_display": "33", "missing_lines": 45, "excluded_lines": 0}, "missing_lines": [32, 34, 35, 38, 39, 42, 43, 44, 45, 46, 47, 50, 51, 53, 55, 61, 62, 63, 69, 70, 71, 72, 74, 75, 76, 77, 85, 87, 89, 90, 91, 97, 98, 99, 101, 102, 105, 106, 108, 109, 117, 118, 119, 120, 121], "excluded_lines": [], "functions": {"receive_frontend_logs": {"executed_lines": [], "summary": {"covered_lines": 0, "num_statements": 18, "percent_covered": 0.0, "percent_covered_display": "0", "missing_lines": 18, "excluded_lines": 0}, "missing_lines": [32, 34, 35, 38, 39, 42, 43, 44, 45, 46, 47, 50, 51, 53, 55, 61, 62, 63], "excluded_lines": []}, "list_log_files": {"executed_lines": [], "summary": {"covered_lines": 0, "num_statements": 13, "percent_covered": 0.0, "percent_covered_display": "0", "missing_lines": 13, "excluded_lines": 0}, "missing_lines": [69, 70, 71, 72, 74, 75, 76, 77, 85, 87, 89, 90, 91], "excluded_lines": []}, "download_log_file": {"executed_lines": [], "summary": {"covered_lines": 0, "num_statements": 14, "percent_covered": 0.0, "percent_covered_display": "0", "missing_lines": 14, "excluded_lines": 0}, "missing_lines": [97, 98, 99, 101, 102, 105, 106, 108, 109, 117, 118, 119, 120, 121], "excluded_lines": []}, "": {"executed_lines": [1, 4, 5, 7, 8, 10, 12, 13, 16, 17, 18, 19, 20, 21, 24, 25, 26, 29, 30, 66, 67, 94, 95], "summary": {"covered_lines": 22, "num_statements": 22, "percent_covered": 100.0, "percent_covered_display": "100", "missing_lines": 0, "excluded_lines": 0}, "missing_lines": [], "excluded_lines": []}}, "classes": {"LogEntry": {"executed_lines": [], "summary": {"covered_lines": 0, "num_statements": 0, "percent_covered": 100.0, "percent_covered_display": "100", "missing_lines": 0, "excluded_lines": 0}, "missing_lines": [], "excluded_lines": []}, "LogBatch": {"executed_lines": [], "summary": {"covered_lines": 0, "num_statements": 0, "percent_covered": 100.0, "percent_covered_display": "100", "missing_lines": 0, "excluded_lines": 0}, "missing_lines": [], "excluded_lines": []}, "": {"executed_lines": [1, 4, 5, 7, 8, 10, 12, 13, 16, 17, 18, 19, 20, 21, 24, 25, 26, 29, 30, 66, 67, 94, 95], "summary": {"covered_lines": 22, "num_statements": 67, "percent_covered": 32.83582089552239, "percent_covered_display": "33", "missing_lines": 45, "excluded_lines": 0}, "missing_lines": [32, 34, 35, 38, 39, 42, 43, 44, 45, 46, 47, 50, 51, 53, 55, 61, 62, 63, 69, 70, 71, 72, 74, 75, 76, 77, 85, 87, 89, 90, 91, 97, 98, 99, 101, 102, 105, 106, 108, 109, 117, 118, 119, 120, 121], "excluded_lines": []}}}, "api\\routes\\processing.py": {"executed_lines": [1, 5, 6, 7, 8, 9, 10, 11, 12, 13, 14, 15, 17, 18, 25, 26, 28, 37, 38, 45, 143, 209, 303, 456, 494, 495, 541, 542, 619, 620, 665, 666, 693, 694, 736, 737, 761, 762], "summary": {"covered_lines": 37, "num_statements": 346, "percent_covered": 10.693641618497109, "percent_covered_display": "11", "missing_lines": 309, "excluded_lines": 0}, "missing_lines": [49, 50, 53, 61, 64, 65, 66, 67, 70, 71, 72, 73, 76, 77, 78, 81, 82, 83, 85, 86, 87, 88, 89, 90, 92, 93, 98, 99, 100, 101, 104, 105, 108, 109, 111, 112, 115, 116, 117, 118, 121, 122, 125, 126, 127, 128, 130, 132, 133, 134, 135, 151, 152, 155, 163, 168, 170, 171, 174, 175, 176, 177, 180, 181, 182, 184, 185, 188, 191, 192, 193, 194, 197, 199, 200, 201, 217, 218, 221, 229, 234, 236, 237, 240, 241, 242, 243, 246, 247, 248, 250, 251, 252, 255, 256, 257, 262, 264, 265, 268, 271, 278, 279, 282, 283, 286, 287, 288, 289, 291, 293, 294, 295, 307, 308, 311, 317, 318, 321, 322, 323, 325, 326, 327, 328, 329, 330, 331, 333, 334, 339, 344, 345, 346, 347, 348, 351, 352, 355, 357, 358, 361, 362, 366, 369, 371, 373, 376, 382, 384, 385, 388, 391, 392, 395, 396, 397, 398, 400, 401, 403, 405, 407, 414, 415, 416, 419, 420, 422, 423, 424, 427, 428, 431, 432, 434, 437, 438, 439, 440, 442, 443, 444, 448, 466, 467, 469, 471, 472, 473, 482, 484, 485, 486, 502, 503, 509, 510, 512, 513, 514, 517, 518, 529, 530, 532, 533, 534, 535, 536, 549, 550, 553, 554, 555, 556, 561, 563, 564, 565, 566, 567, 568, 570, 576, 578, 579, 580, 583, 586, 593, 594, 595, 598, 599, 601, 605, 606, 608, 609, 610, 611, 612, 613, 614, 615, 616, 628, 630, 635, 637, 638, 644, 645, 654, 655, 657, 659, 660, 661, 662, 673, 675, 676, 685, 686, 688, 689, 690, 701, 702, 707, 708, 709, 712, 715, 723, 724, 726, 728, 729, 730, 731, 744, 746, 747, 751, 752, 754, 755, 756, 768, 769, 771, 772, 773, 775, 776, 777, 778, 780, 781, 782, 783, 784, 785, 786, 787, 789], "excluded_lines": [], "functions": {"run_transcription": {"executed_lines": [], "summary": {"covered_lines": 0, "num_statements": 51, "percent_covered": 0.0, "percent_covered_display": "0", "missing_lines": 51, "excluded_lines": 0}, "missing_lines": [49, 50, 53, 61, 64, 65, 66, 67, 70, 71, 72, 73, 76, 77, 78, 81, 82, 83, 85, 86, 87, 88, 89, 90, 92, 93, 98, 99, 100, 101, 104, 105, 108, 109, 111, 112, 115, 116, 117, 118, 121, 122, 125, 126, 127, 128, 130, 132, 133, 134, 135], "excluded_lines": []}, "run_subtitle_filtering": {"executed_lines": [], "summary": {"covered_lines": 0, "num_statements": 25, "percent_covered": 0.0, "percent_covered_display": "0", "missing_lines": 25, "excluded_lines": 0}, "missing_lines": [151, 152, 155, 163, 168, 170, 171, 174, 175, 176, 177, 180, 181, 182, 184, 185, 188, 191, 192, 193, 194, 197, 199, 200, 201], "excluded_lines": []}, "run_translation": {"executed_lines": [], "summary": {"covered_lines": 0, "num_statements": 37, "percent_covered": 0.0, "percent_covered_display": "0", "missing_lines": 37, "excluded_lines": 0}, "missing_lines": [217, 218, 221, 229, 234, 236, 237, 240, 241, 242, 243, 246, 247, 248, 250, 251, 252, 255, 256, 257, 262, 264, 265, 268, 271, 278, 279, 282, 283, 286, 287, 288, 289, 291, 293, 294, 295], "excluded_lines": []}, "run_processing_pipeline": {"executed_lines": [], "summary": {"covered_lines": 0, "num_statements": 71, "percent_covered": 0.0, "percent_covered_display": "0", "missing_lines": 71, "excluded_lines": 0}, "missing_lines": [307, 308, 311, 317, 318, 321, 322, 323, 325, 326, 327, 328, 329, 330, 331, 333, 334, 339, 344, 345, 346, 347, 348, 351, 352, 355, 357, 358, 361, 362, 366, 369, 371, 373, 376, 382, 384, 385, 388, 391, 392, 395, 396, 397, 398, 400, 401, 403, 405, 407, 414, 415, 416, 419, 420, 422, 423, 424, 427, 428, 431, 432, 434, 437, 438, 439, 440, 442, 443, 444, 448], "excluded_lines": []}, "run_chunk_processing": {"executed_lines": [], "summary": {"covered_lines": 0, "num_statements": 10, "percent_covered": 0.0, "percent_covered_display": "0", "missing_lines": 10, "excluded_lines": 0}, "missing_lines": [466, 467, 469, 471, 472, 473, 482, 484, 485, 486], "excluded_lines": []}, "process_chunk": {"executed_lines": [], "summary": {"covered_lines": 0, "num_statements": 16, "percent_covered": 0.0, "percent_covered_display": "0", "missing_lines": 16, "excluded_lines": 0}, "missing_lines": [502, 503, 509, 510, 512, 513, 514, 517, 518, 529, 530, 532, 533, 534, 535, 536], "excluded_lines": []}, "transcribe_video": {"executed_lines": [], "summary": {"covered_lines": 0, "num_statements": 37, "percent_covered": 0.0, "percent_covered_display": "0", "missing_lines": 37, "excluded_lines": 0}, "missing_lines": [549, 550, 553, 554, 555, 556, 561, 563, 564, 565, 566, 567, 568, 570, 576, 578, 579, 580, 583, 586, 593, 594, 595, 598, 599, 601, 605, 606, 608, 609, 610, 611, 612, 613, 614, 615, 616], "excluded_lines": []}, "filter_subtitles": {"executed_lines": [], "summary": {"covered_lines": 0, "num_statements": 14, "percent_covered": 0.0, "percent_covered_display": "0", "missing_lines": 14, "excluded_lines": 0}, "missing_lines": [628, 630, 635, 637, 638, 644, 645, 654, 655, 657, 659, 660, 661, 662], "excluded_lines": []}, "translate_subtitles": {"executed_lines": [], "summary": {"covered_lines": 0, "num_statements": 8, "percent_covered": 0.0, "percent_covered_display": "0", "missing_lines": 8, "excluded_lines": 0}, "missing_lines": [673, 675, 676, 685, 686, 688, 689, 690], "excluded_lines": []}, "prepare_episode_for_learning": {"executed_lines": [], "summary": {"covered_lines": 0, "num_statements": 14, "percent_covered": 0.0, "percent_covered_display": "0", "missing_lines": 14, "excluded_lines": 0}, "missing_lines": [701, 702, 707, 708, 709, 712, 715, 723, 724, 726, 728, 729, 730, 731], "excluded_lines": []}, "full_pipeline": {"executed_lines": [], "summary": {"covered_lines": 0, "num_statements": 8, "percent_covered": 0.0, "percent_covered_display": "0", "missing_lines": 8, "excluded_lines": 0}, "missing_lines": [744, 746, 747, 751, 752, 754, 755, 756], "excluded_lines": []}, "get_task_progress": {"executed_lines": [], "summary": {"covered_lines": 0, "num_statements": 18, "percent_covered": 0.0, "percent_covered_display": "0", "missing_lines": 18, "excluded_lines": 0}, "missing_lines": [768, 769, 771, 772, 773, 775, 776, 777, 778, 780, 781, 782, 783, 784, 785, 786, 787, 789], "excluded_lines": []}, "": {"executed_lines": [1, 5, 6, 7, 8, 9, 10, 11, 12, 13, 14, 15, 17, 18, 25, 26, 28, 37, 38, 45, 143, 209, 303, 456, 494, 495, 541, 542, 619, 620, 665, 666, 693, 694, 736, 737, 761, 762], "summary": {"covered_lines": 37, "num_statements": 37, "percent_covered": 100.0, "percent_covered_display": "100", "missing_lines": 0, "excluded_lines": 0}, "missing_lines": [], "excluded_lines": []}}, "classes": {"": {"executed_lines": [1, 5, 6, 7, 8, 9, 10, 11, 12, 13, 14, 15, 17, 18, 25, 26, 28, 37, 38, 45, 143, 209, 303, 456, 494, 495, 541, 542, 619, 620, 665, 666, 693, 694, 736, 737, 761, 762], "summary": {"covered_lines": 37, "num_statements": 346, "percent_covered": 10.693641618497109, "percent_covered_display": "11", "missing_lines": 309, "excluded_lines": 0}, "missing_lines": [49, 50, 53, 61, 64, 65, 66, 67, 70, 71, 72, 73, 76, 77, 78, 81, 82, 83, 85, 86, 87, 88, 89, 90, 92, 93, 98, 99, 100, 101, 104, 105, 108, 109, 111, 112, 115, 116, 117, 118, 121, 122, 125, 126, 127, 128, 130, 132, 133, 134, 135, 151, 152, 155, 163, 168, 170, 171, 174, 175, 176, 177, 180, 181, 182, 184, 185, 188, 191, 192, 193, 194, 197, 199, 200, 201, 217, 218, 221, 229, 234, 236, 237, 240, 241, 242, 243, 246, 247, 248, 250, 251, 252, 255, 256, 257, 262, 264, 265, 268, 271, 278, 279, 282, 283, 286, 287, 288, 289, 291, 293, 294, 295, 307, 308, 311, 317, 318, 321, 322, 323, 325, 326, 327, 328, 329, 330, 331, 333, 334, 339, 344, 345, 346, 347, 348, 351, 352, 355, 357, 358, 361, 362, 366, 369, 371, 373, 376, 382, 384, 385, 388, 391, 392, 395, 396, 397, 398, 400, 401, 403, 405, 407, 414, 415, 416, 419, 420, 422, 423, 424, 427, 428, 431, 432, 434, 437, 438, 439, 440, 442, 443, 444, 448, 466, 467, 469, 471, 472, 473, 482, 484, 485, 486, 502, 503, 509, 510, 512, 513, 514, 517, 518, 529, 530, 532, 533, 534, 535, 536, 549, 550, 553, 554, 555, 556, 561, 563, 564, 565, 566, 567, 568, 570, 576, 578, 579, 580, 583, 586, 593, 594, 595, 598, 599, 601, 605, 606, 608, 609, 610, 611, 612, 613, 614, 615, 616, 628, 630, 635, 637, 638, 644, 645, 654, 655, 657, 659, 660, 661, 662, 673, 675, 676, 685, 686, 688, 689, 690, 701, 702, 707, 708, 709, 712, 715, 723, 724, 726, 728, 729, 730, 731, 744, 746, 747, 751, 752, 754, 755, 756, 768, 769, 771, 772, 773, 775, 776, 777, 778, 780, 781, 782, 783, 784, 785, 786, 787, 789], "excluded_lines": []}}}, "api\\routes\\progress.py": {"executed_lines": [1, 2, 3, 4, 5, 7, 8, 10, 11, 12, 14, 16, 19, 20, 21, 22, 23, 24, 25, 26, 27, 28, 29, 30, 31, 32, 33, 36, 37, 38, 39, 40, 41, 42, 43, 46, 47, 92, 93, 133, 134], "summary": {"covered_lines": 38, "num_statements": 103, "percent_covered": 36.89320388349515, "percent_covered_display": "37", "missing_lines": 65, "excluded_lines": 0}, "missing_lines": [51, 53, 56, 61, 62, 63, 64, 67, 68, 71, 72, 73, 75, 76, 79, 80, 81, 82, 84, 85, 87, 88, 89, 98, 100, 103, 104, 105, 108, 111, 112, 114, 117, 119, 120, 122, 123, 125, 126, 128, 129, 130, 139, 141, 143, 145, 146, 147, 148, 151, 152, 153, 154, 159, 160, 163, 164, 165, 166, 169, 171, 172, 174, 175, 176], "excluded_lines": [], "functions": {"get_user_progress": {"executed_lines": [], "summary": {"covered_lines": 0, "num_statements": 23, "percent_covered": 0.0, "percent_covered_display": "0", "missing_lines": 23, "excluded_lines": 0}, "missing_lines": [51, 53, 56, 61, 62, 63, 64, 67, 68, 71, 72, 73, 75, 76, 79, 80, 81, 82, 84, 85, 87, 88, 89], "excluded_lines": []}, "update_user_progress": {"executed_lines": [], "summary": {"covered_lines": 0, "num_statements": 19, "percent_covered": 0.0, "percent_covered_display": "0", "missing_lines": 19, "excluded_lines": 0}, "missing_lines": [98, 100, 103, 104, 105, 108, 111, 112, 114, 117, 119, 120, 122, 123, 125, 126, 128, 129, 130], "excluded_lines": []}, "get_daily_progress": {"executed_lines": [], "summary": {"covered_lines": 0, "num_statements": 23, "percent_covered": 0.0, "percent_covered_display": "0", "missing_lines": 23, "excluded_lines": 0}, "missing_lines": [139, 141, 143, 145, 146, 147, 148, 151, 152, 153, 154, 159, 160, 163, 164, 165, 166, 169, 171, 172, 174, 175, 176], "excluded_lines": []}, "": {"executed_lines": [1, 2, 3, 4, 5, 7, 8, 10, 11, 12, 14, 16, 19, 20, 21, 22, 23, 24, 25, 26, 27, 28, 29, 30, 31, 32, 33, 36, 37, 38, 39, 40, 41, 42, 43, 46, 47, 92, 93, 133, 134], "summary": {"covered_lines": 38, "num_statements": 38, "percent_covered": 100.0, "percent_covered_display": "100", "missing_lines": 0, "excluded_lines": 0}, "missing_lines": [], "excluded_lines": []}}, "classes": {"UserProgress": {"executed_lines": [], "summary": {"covered_lines": 0, "num_statements": 0, "percent_covered": 100.0, "percent_covered_display": "100", "missing_lines": 0, "excluded_lines": 0}, "missing_lines": [], "excluded_lines": []}, "DailyProgress": {"executed_lines": [], "summary": {"covered_lines": 0, "num_statements": 0, "percent_covered": 100.0, "percent_covered_display": "100", "missing_lines": 0, "excluded_lines": 0}, "missing_lines": [], "excluded_lines": []}, "": {"executed_lines": [1, 2, 3, 4, 5, 7, 8, 10, 11, 12, 14, 16, 19, 20, 21, 22, 23, 24, 25, 26, 27, 28, 29, 30, 31, 32, 33, 36, 37, 38, 39, 40, 41, 42, 43, 46, 47, 92, 93, 133, 134], "summary": {"covered_lines": 38, "num_statements": 103, "percent_covered": 36.89320388349515, "percent_covered_display": "37", "missing_lines": 65, "excluded_lines": 0}, "missing_lines": [51, 53, 56, 61, 62, 63, 64, 67, 68, 71, 72, 73, 75, 76, 79, 80, 81, 82, 84, 85, 87, 88, 89, 98, 100, 103, 104, 105, 108, 111, 112, 114, 117, 119, 120, 122, 123, 125, 126, 128, 129, 130, 139, 141, 143, 145, 146, 147, 148, 151, 152, 153, 154, 159, 160, 163, 164, 165, 166, 169, 171, 172, 174, 175, 176], "excluded_lines": []}}}, "api\\routes\\srt_utilities.py": {"executed_lines": [1, 7, 8, 9, 10, 11, 14, 17, 18, 19, 20, 21, 22, 23, 24, 27, 28, 29, 32, 33, 34, 35, 36, 39, 40, 41, 44, 45, 93, 94, 134, 135, 179, 180], "summary": {"covered_lines": 29, "num_statements": 73, "percent_covered": 39.726027397260275, "percent_covered_display": "40", "missing_lines": 44, "excluded_lines": 0}, "missing_lines": [61, 63, 66, 67, 69, 70, 78, 80, 86, 87, 107, 108, 113, 115, 118, 119, 120, 121, 124, 125, 127, 128, 148, 150, 151, 152, 160, 163, 166, 172, 173, 190, 191, 193, 196, 198, 199, 202, 203, 206, 207, 209, 215, 216], "excluded_lines": [], "functions": {"parse_srt_content": {"executed_lines": [], "summary": {"covered_lines": 0, "num_statements": 10, "percent_covered": 0.0, "percent_covered_display": "0", "missing_lines": 10, "excluded_lines": 0}, "missing_lines": [61, 63, 66, 67, 69, 70, 78, 80, 86, 87], "excluded_lines": []}, "parse_srt_file": {"executed_lines": [], "summary": {"covered_lines": 0, "num_statements": 12, "percent_covered": 0.0, "percent_covered_display": "0", "missing_lines": 12, "excluded_lines": 0}, "missing_lines": [107, 108, 113, 115, 118, 119, 120, 121, 124, 125, 127, 128], "excluded_lines": []}, "convert_to_srt": {"executed_lines": [], "summary": {"covered_lines": 0, "num_statements": 9, "percent_covered": 0.0, "percent_covered_display": "0", "missing_lines": 9, "excluded_lines": 0}, "missing_lines": [148, 150, 151, 152, 160, 163, 166, 172, 173], "excluded_lines": []}, "validate_srt_content": {"executed_lines": [], "summary": {"covered_lines": 0, "num_statements": 13, "percent_covered": 0.0, "percent_covered_display": "0", "missing_lines": 13, "excluded_lines": 0}, "missing_lines": [190, 191, 193, 196, 198, 199, 202, 203, 206, 207, 209, 215, 216], "excluded_lines": []}, "": {"executed_lines": [1, 7, 8, 9, 10, 11, 14, 17, 18, 19, 20, 21, 22, 23, 24, 27, 28, 29, 32, 33, 34, 35, 36, 39, 40, 41, 44, 45, 93, 94, 134, 135, 179, 180], "summary": {"covered_lines": 29, "num_statements": 29, "percent_covered": 100.0, "percent_covered_display": "100", "missing_lines": 0, "excluded_lines": 0}, "missing_lines": [], "excluded_lines": []}}, "classes": {"SRTSegmentResponse": {"executed_lines": [], "summary": {"covered_lines": 0, "num_statements": 0, "percent_covered": 100.0, "percent_covered_display": "100", "missing_lines": 0, "excluded_lines": 0}, "missing_lines": [], "excluded_lines": []}, "ParseSRTRequest": {"executed_lines": [], "summary": {"covered_lines": 0, "num_statements": 0, "percent_covered": 100.0, "percent_covered_display": "100", "missing_lines": 0, "excluded_lines": 0}, "missing_lines": [], "excluded_lines": []}, "ParseSRTResponse": {"executed_lines": [], "summary": {"covered_lines": 0, "num_statements": 0, "percent_covered": 100.0, "percent_covered_display": "100", "missing_lines": 0, "excluded_lines": 0}, "missing_lines": [], "excluded_lines": []}, "ConvertToSRTRequest": {"executed_lines": [], "summary": {"covered_lines": 0, "num_statements": 0, "percent_covered": 100.0, "percent_covered_display": "100", "missing_lines": 0, "excluded_lines": 0}, "missing_lines": [], "excluded_lines": []}, "": {"executed_lines": [1, 7, 8, 9, 10, 11, 14, 17, 18, 19, 20, 21, 22, 23, 24, 27, 28, 29, 32, 33, 34, 35, 36, 39, 40, 41, 44, 45, 93, 94, 134, 135, 179, 180], "summary": {"covered_lines": 29, "num_statements": 73, "percent_covered": 39.726027397260275, "percent_covered_display": "40", "missing_lines": 44, "excluded_lines": 0}, "missing_lines": [61, 63, 66, 67, 69, 70, 78, 80, 86, 87, 107, 108, 113, 115, 118, 119, 120, 121, 124, 125, 127, 128, 148, 150, 151, 152, 160, 163, 166, 172, 173, 190, 191, 193, 196, 198, 199, 202, 203, 206, 207, 209, 215, 216], "excluded_lines": []}}}, "api\\routes\\user_profile.py": {"executed_lines": [1, 4, 5, 7, 8, 10, 11, 12, 14, 15, 18, 24, 25, 26, 27, 29, 30, 31, 36, 37, 38, 44, 45, 46, 47, 48, 49, 50, 51, 52, 55, 56, 84, 85, 123, 124, 129, 130, 131, 132, 133, 134, 135, 136, 137, 138, 141, 142, 173, 174], "summary": {"covered_lines": 46, "num_statements": 97, "percent_covered": 47.422680412371136, "percent_covered_display": "47", "missing_lines": 51, "excluded_lines": 0}, "missing_lines": [32, 33, 34, 39, 40, 41, 58, 59, 76, 77, 78, 90, 93, 95, 110, 111, 115, 116, 117, 126, 146, 148, 151, 153, 154, 155, 156, 157, 159, 160, 161, 162, 163, 165, 166, 168, 169, 170, 179, 181, 182, 184, 187, 188, 190, 191, 193, 194, 196, 197, 198], "excluded_lines": [], "functions": {"LanguagePreferences.validate_language": {"executed_lines": [], "summary": {"covered_lines": 0, "num_statements": 3, "percent_covered": 0.0, "percent_covered_display": "0", "missing_lines": 3, "excluded_lines": 0}, "missing_lines": [32, 33, 34], "excluded_lines": []}, "LanguagePreferences.validate_different_languages": {"executed_lines": [], "summary": {"covered_lines": 0, "num_statements": 3, "percent_covered": 0.0, "percent_covered_display": "0", "missing_lines": 3, "excluded_lines": 0}, "missing_lines": [39, 40, 41], "excluded_lines": []}, "get_profile": {"executed_lines": [], "summary": {"covered_lines": 0, "num_statements": 5, "percent_covered": 0.0, "percent_covered_display": "0", "missing_lines": 5, "excluded_lines": 0}, "missing_lines": [58, 59, 76, 77, 78], "excluded_lines": []}, "update_language_preferences": {"executed_lines": [], "summary": {"covered_lines": 0, "num_statements": 8, "percent_covered": 0.0, "percent_covered_display": "0", "missing_lines": 8, "excluded_lines": 0}, "missing_lines": [90, 93, 95, 110, 111, 115, 116, 117], "excluded_lines": []}, "get_supported_languages": {"executed_lines": [], "summary": {"covered_lines": 0, "num_statements": 1, "percent_covered": 0.0, "percent_covered_display": "0", "missing_lines": 1, "excluded_lines": 0}, "missing_lines": [126], "excluded_lines": []}, "get_user_settings": {"executed_lines": [], "summary": {"covered_lines": 0, "num_statements": 18, "percent_covered": 0.0, "percent_covered_display": "0", "missing_lines": 18, "excluded_lines": 0}, "missing_lines": [146, 148, 151, 153, 154, 155, 156, 157, 159, 160, 161, 162, 163, 165, 166, 168, 169, 170], "excluded_lines": []}, "update_user_settings": {"executed_lines": [], "summary": {"covered_lines": 0, "num_statements": 13, "percent_covered": 0.0, "percent_covered_display": "0", "missing_lines": 13, "excluded_lines": 0}, "missing_lines": [179, 181, 182, 184, 187, 188, 190, 191, 193, 194, 196, 197, 198], "excluded_lines": []}, "": {"executed_lines": [1, 4, 5, 7, 8, 10, 11, 12, 14, 15, 18, 24, 25, 26, 27, 29, 30, 31, 36, 37, 38, 44, 45, 46, 47, 48, 49, 50, 51, 52, 55, 56, 84, 85, 123, 124, 129, 130, 131, 132, 133, 134, 135, 136, 137, 138, 141, 142, 173, 174], "summary": {"covered_lines": 46, "num_statements": 46, "percent_covered": 100.0, "percent_covered_display": "100", "missing_lines": 0, "excluded_lines": 0}, "missing_lines": [], "excluded_lines": []}}, "classes": {"LanguagePreferences": {"executed_lines": [], "summary": {"covered_lines": 0, "num_statements": 6, "percent_covered": 0.0, "percent_covered_display": "0", "missing_lines": 6, "excluded_lines": 0}, "missing_lines": [32, 33, 34, 39, 40, 41], "excluded_lines": []}, "UserProfile": {"executed_lines": [], "summary": {"covered_lines": 0, "num_statements": 0, "percent_covered": 100.0, "percent_covered_display": "100", "missing_lines": 0, "excluded_lines": 0}, "missing_lines": [], "excluded_lines": []}, "UserSettings": {"executed_lines": [], "summary": {"covered_lines": 0, "num_statements": 0, "percent_covered": 100.0, "percent_covered_display": "100", "missing_lines": 0, "excluded_lines": 0}, "missing_lines": [], "excluded_lines": []}, "": {"executed_lines": [1, 4, 5, 7, 8, 10, 11, 12, 14, 15, 18, 24, 25, 26, 27, 29, 30, 31, 36, 37, 38, 44, 45, 46, 47, 48, 49, 50, 51, 52, 55, 56, 84, 85, 123, 124, 129, 130, 131, 132, 133, 134, 135, 136, 137, 138, 141, 142, 173, 174], "summary": {"covered_lines": 46, "num_statements": 91, "percent_covered": 50.54945054945055, "percent_covered_display": "51", "missing_lines": 45, "excluded_lines": 0}, "missing_lines": [58, 59, 76, 77, 78, 90, 93, 95, 110, 111, 115, 116, 117, 126, 146, 148, 151, 153, 154, 155, 156, 157, 159, 160, 161, 162, 163, 165, 166, 168, 169, 170, 179, 181, 182, 184, 187, 188, 190, 191, 193, 194, 196, 197, 198], "excluded_lines": []}}}, "api\\routes\\videos.py": {"executed_lines": [1, 4, 5, 7, 8, 9, 10, 12, 13, 14, 15, 16, 17, 18, 20, 21, 24, 31, 32, 40, 41, 75, 76, 110, 111, 162, 163, 171, 172, 180, 181, 217, 218, 219, 220, 221, 222, 224, 225, 275, 276, 285, 286, 360], "summary": {"covered_lines": 43, "num_statements": 170, "percent_covered": 25.294117647058822, "percent_covered_display": "25", "missing_lines": 127, "excluded_lines": 0}, "missing_lines": [28, 37, 47, 48, 50, 53, 54, 55, 57, 58, 59, 61, 62, 68, 69, 70, 71, 72, 83, 84, 86, 87, 88, 91, 101, 103, 104, 105, 106, 107, 117, 119, 120, 123, 124, 126, 127, 128, 134, 135, 137, 138, 141, 144, 145, 147, 149, 155, 156, 157, 158, 159, 168, 177, 186, 188, 189, 191, 192, 195, 196, 197, 200, 203, 207, 208, 210, 211, 212, 213, 214, 231, 233, 238, 240, 241, 243, 244, 247, 248, 249, 257, 265, 266, 268, 269, 270, 271, 272, 282, 292, 294, 295, 298, 299, 302, 303, 304, 307, 310, 311, 314, 315, 316, 317, 319, 320, 321, 322, 323, 325, 326, 328, 329, 330, 335, 337, 340, 341, 343, 353, 354, 355, 356, 357, 370, 371], "excluded_lines": [], "functions": {"get_video_service": {"executed_lines": [], "summary": {"covered_lines": 0, "num_statements": 1, "percent_covered": 0.0, "percent_covered_display": "0", "missing_lines": 1, "excluded_lines": 0}, "missing_lines": [28], "excluded_lines": []}, "get_available_videos": {"executed_lines": [], "summary": {"covered_lines": 0, "num_statements": 1, "percent_covered": 0.0, "percent_covered_display": "0", "missing_lines": 1, "excluded_lines": 0}, "missing_lines": [37], "excluded_lines": []}, "get_subtitles": {"executed_lines": [], "summary": {"covered_lines": 0, "num_statements": 16, "percent_covered": 0.0, "percent_covered_display": "0", "missing_lines": 16, "excluded_lines": 0}, "missing_lines": [47, 48, 50, 53, 54, 55, 57, 58, 59, 61, 62, 68, 69, 70, 71, 72], "excluded_lines": []}, "stream_video": {"executed_lines": [], "summary": {"covered_lines": 0, "num_statements": 12, "percent_covered": 0.0, "percent_covered_display": "0", "missing_lines": 12, "excluded_lines": 0}, "missing_lines": [83, 84, 86, 87, 88, 91, 101, 103, 104, 105, 106, 107], "excluded_lines": []}, "upload_subtitle": {"executed_lines": [], "summary": {"covered_lines": 0, "num_statements": 22, "percent_covered": 0.0, "percent_covered_display": "0", "missing_lines": 22, "excluded_lines": 0}, "missing_lines": [117, 119, 120, 123, 124, 126, 127, 128, 134, 135, 137, 138, 141, 144, 145, 147, 149, 155, 156, 157, 158, 159], "excluded_lines": []}, "scan_videos": {"executed_lines": [], "summary": {"covered_lines": 0, "num_statements": 1, "percent_covered": 0.0, "percent_covered_display": "0", "missing_lines": 1, "excluded_lines": 0}, "missing_lines": [168], "excluded_lines": []}, "get_user_videos": {"executed_lines": [], "summary": {"covered_lines": 0, "num_statements": 1, "percent_covered": 0.0, "percent_covered_display": "0", "missing_lines": 1, "excluded_lines": 0}, "missing_lines": [177], "excluded_lines": []}, "get_video_vocabulary": {"executed_lines": [], "summary": {"covered_lines": 0, "num_statements": 17, "percent_covered": 0.0, "percent_covered_display": "0", "missing_lines": 17, "excluded_lines": 0}, "missing_lines": [186, 188, 189, 191, 192, 195, 196, 197, 200, 203, 207, 208, 210, 211, 212, 213, 214], "excluded_lines": []}, "get_video_status": {"executed_lines": [], "summary": {"covered_lines": 0, "num_statements": 18, "percent_covered": 0.0, "percent_covered_display": "0", "missing_lines": 18, "excluded_lines": 0}, "missing_lines": [231, 233, 238, 240, 241, 243, 244, 247, 248, 249, 257, 265, 266, 268, 269, 270, 271, 272], "excluded_lines": []}, "upload_video_generic": {"executed_lines": [], "summary": {"covered_lines": 0, "num_statements": 1, "percent_covered": 0.0, "percent_covered_display": "0", "missing_lines": 1, "excluded_lines": 0}, "missing_lines": [282], "excluded_lines": []}, "upload_video": {"executed_lines": [], "summary": {"covered_lines": 0, "num_statements": 35, "percent_covered": 0.0, "percent_covered_display": "0", "missing_lines": 35, "excluded_lines": 0}, "missing_lines": [292, 294, 295, 298, 299, 302, 303, 304, 307, 310, 311, 314, 315, 316, 317, 319, 320, 321, 322, 323, 325, 326, 328, 329, 330, 335, 337, 340, 341, 343, 353, 354, 355, 356, 357], "excluded_lines": []}, "parse_episode_filename": {"executed_lines": [], "summary": {"covered_lines": 0, "num_statements": 2, "percent_covered": 0.0, "percent_covered_display": "0", "missing_lines": 2, "excluded_lines": 0}, "missing_lines": [370, 371], "excluded_lines": []}, "": {"executed_lines": [1, 4, 5, 7, 8, 9, 10, 12, 13, 14, 15, 16, 17, 18, 20, 21, 24, 31, 32, 40, 41, 75, 76, 110, 111, 162, 163, 171, 172, 180, 181, 217, 218, 219, 220, 221, 222, 224, 225, 275, 276, 285, 286, 360], "summary": {"covered_lines": 43, "num_statements": 43, "percent_covered": 100.0, "percent_covered_display": "100", "missing_lines": 0, "excluded_lines": 0}, "missing_lines": [], "excluded_lines": []}}, "classes": {"ProcessingStatus": {"executed_lines": [], "summary": {"covered_lines": 0, "num_statements": 0, "percent_covered": 100.0, "percent_covered_display": "100", "missing_lines": 0, "excluded_lines": 0}, "missing_lines": [], "excluded_lines": []}, "": {"executed_lines": [1, 4, 5, 7, 8, 9, 10, 12, 13, 14, 15, 16, 17, 18, 20, 21, 24, 31, 32, 40, 41, 75, 76, 110, 111, 162, 163, 171, 172, 180, 181, 217, 218, 219, 220, 221, 222, 224, 225, 275, 276, 285, 286, 360], "summary": {"covered_lines": 43, "num_statements": 170, "percent_covered": 25.294117647058822, "percent_covered_display": "25", "missing_lines": 127, "excluded_lines": 0}, "missing_lines": [28, 37, 47, 48, 50, 53, 54, 55, 57, 58, 59, 61, 62, 68, 69, 70, 71, 72, 83, 84, 86, 87, 88, 91, 101, 103, 104, 105, 106, 107, 117, 119, 120, 123, 124, 126, 127, 128, 134, 135, 137, 138, 141, 144, 145, 147, 149, 155, 156, 157, 158, 159, 168, 177, 186, 188, 189, 191, 192, 195, 196, 197, 200, 203, 207, 208, 210, 211, 212, 213, 214, 231, 233, 238, 240, 241, 243, 244, 247, 248, 249, 257, 265, 266, 268, 269, 270, 271, 272, 282, 292, 294, 295, 298, 299, 302, 303, 304, 307, 310, 311, 314, 315, 316, 317, 319, 320, 321, 322, 323, 325, 326, 328, 329, 330, 335, 337, 340, 341, 343, 353, 354, 355, 356, 357, 370, 371], "excluded_lines": []}}}, "api\\routes\\vocabulary.py": {"executed_lines": [1, 2, 3, 4, 6, 7, 8, 10, 11, 12, 13, 14, 15, 17, 26, 27, 30, 100, 101, 162, 163, 200, 201, 229, 230, 256, 257, 291, 292, 342, 343], "summary": {"covered_lines": 30, "num_statements": 177, "percent_covered": 16.949152542372882, "percent_covered_display": "17", "missing_lines": 147, "excluded_lines": 0}, "missing_lines": [34, 36, 37, 40, 41, 46, 47, 48, 51, 54, 56, 57, 58, 60, 61, 62, 63, 64, 67, 71, 74, 75, 76, 77, 80, 82, 87, 88, 91, 93, 95, 96, 97, 106, 109, 112, 122, 124, 125, 128, 129, 130, 132, 133, 134, 135, 136, 137, 138, 139, 140, 142, 143, 144, 146, 147, 148, 151, 152, 154, 155, 157, 158, 159, 171, 172, 175, 176, 178, 180, 183, 184, 185, 188, 192, 193, 195, 196, 197, 207, 208, 211, 214, 216, 217, 219, 221, 222, 224, 225, 226, 235, 236, 238, 239, 240, 242, 243, 245, 251, 252, 253, 263, 265, 268, 269, 271, 272, 273, 274, 275, 276, 278, 280, 286, 287, 288, 298, 299, 300, 302, 305, 308, 311, 312, 314, 315, 316, 317, 319, 328, 335, 336, 337, 338, 339, 350, 351, 352, 354, 356, 357, 365, 366, 367, 368, 369], "excluded_lines": [], "functions": {"extract_blocking_words_for_segment": {"executed_lines": [], "summary": {"covered_lines": 0, "num_statements": 33, "percent_covered": 0.0, "percent_covered_display": "0", "missing_lines": 33, "excluded_lines": 0}, "missing_lines": [34, 36, 37, 40, 41, 46, 47, 48, 51, 54, 56, 57, 58, 60, 61, 62, 63, 64, 67, 71, 74, 75, 76, 77, 80, 82, 87, 88, 91, 93, 95, 96, 97], "excluded_lines": []}, "get_vocabulary_stats_endpoint": {"executed_lines": [], "summary": {"covered_lines": 0, "num_statements": 31, "percent_covered": 0.0, "percent_covered_display": "0", "missing_lines": 31, "excluded_lines": 0}, "missing_lines": [106, 109, 112, 122, 124, 125, 128, 129, 130, 132, 133, 134, 135, 136, 137, 138, 139, 140, 142, 143, 144, 146, 147, 148, 151, 152, 154, 155, 157, 158, 159], "excluded_lines": []}, "get_blocking_words": {"executed_lines": [], "summary": {"covered_lines": 0, "num_statements": 15, "percent_covered": 0.0, "percent_covered_display": "0", "missing_lines": 15, "excluded_lines": 0}, "missing_lines": [171, 172, 175, 176, 178, 180, 183, 184, 185, 188, 192, 193, 195, 196, 197], "excluded_lines": []}, "mark_word_as_known": {"executed_lines": [], "summary": {"covered_lines": 0, "num_statements": 12, "percent_covered": 0.0, "percent_covered_display": "0", "missing_lines": 12, "excluded_lines": 0}, "missing_lines": [207, 208, 211, 214, 216, 217, 219, 221, 222, 224, 225, 226], "excluded_lines": []}, "preload_vocabulary": {"executed_lines": [], "summary": {"covered_lines": 0, "num_statements": 11, "percent_covered": 0.0, "percent_covered_display": "0", "missing_lines": 11, "excluded_lines": 0}, "missing_lines": [235, 236, 238, 239, 240, 242, 243, 245, 251, 252, 253], "excluded_lines": []}, "get_vocabulary_stats": {"executed_lines": [], "summary": {"covered_lines": 0, "num_statements": 15, "percent_covered": 0.0, "percent_covered_display": "0", "missing_lines": 15, "excluded_lines": 0}, "missing_lines": [263, 265, 268, 269, 271, 272, 273, 274, 275, 276, 278, 280, 286, 287, 288], "excluded_lines": []}, "get_vocabulary_level": {"executed_lines": [], "summary": {"covered_lines": 0, "num_statements": 19, "percent_covered": 0.0, "percent_covered_display": "0", "missing_lines": 19, "excluded_lines": 0}, "missing_lines": [298, 299, 300, 302, 305, 308, 311, 312, 314, 315, 316, 317, 319, 328, 335, 336, 337, 338, 339], "excluded_lines": []}, "bulk_mark_level_known": {"executed_lines": [], "summary": {"covered_lines": 0, "num_statements": 11, "percent_covered": 0.0, "percent_covered_display": "0", "missing_lines": 11, "excluded_lines": 0}, "missing_lines": [350, 351, 352, 354, 356, 357, 365, 366, 367, 368, 369], "excluded_lines": []}, "": {"executed_lines": [1, 2, 3, 4, 6, 7, 8, 10, 11, 12, 13, 14, 15, 17, 26, 27, 30, 100, 101, 162, 163, 200, 201, 229, 230, 256, 257, 291, 292, 342, 343], "summary": {"covered_lines": 30, "num_statements": 30, "percent_covered": 100.0, "percent_covered_display": "100", "missing_lines": 0, "excluded_lines": 0}, "missing_lines": [], "excluded_lines": []}}, "classes": {"": {"executed_lines": [1, 2, 3, 4, 6, 7, 8, 10, 11, 12, 13, 14, 15, 17, 26, 27, 30, 100, 101, 162, 163, 200, 201, 229, 230, 256, 257, 291, 292, 342, 343], "summary": {"covered_lines": 30, "num_statements": 177, "percent_covered": 16.949152542372882, "percent_covered_display": "17", "missing_lines": 147, "excluded_lines": 0}, "missing_lines": [34, 36, 37, 40, 41, 46, 47, 48, 51, 54, 56, 57, 58, 60, 61, 62, 63, 64, 67, 71, 74, 75, 76, 77, 80, 82, 87, 88, 91, 93, 95, 96, 97, 106, 109, 112, 122, 124, 125, 128, 129, 130, 132, 133, 134, 135, 136, 137, 138, 139, 140, 142, 143, 144, 146, 147, 148, 151, 152, 154, 155, 157, 158, 159, 171, 172, 175, 176, 178, 180, 183, 184, 185, 188, 192, 193, 195, 196, 197, 207, 208, 211, 214, 216, 217, 219, 221, 222, 224, 225, 226, 235, 236, 238, 239, 240, 242, 243, 245, 251, 252, 253, 263, 265, 268, 269, 271, 272, 273, 274, 275, 276, 278, 280, 286, 287, 288, 298, 299, 300, 302, 305, 308, 311, 312, 314, 315, 316, 317, 319, 328, 335, 336, 337, 338, 339, 350, 351, 352, 354, 356, 357, 365, 366, 367, 368, 369], "excluded_lines": []}}}, "api\\routes\\websocket.py": {"executed_lines": [1, 5, 7, 9, 11, 12, 15, 16, 69, 70], "summary": {"covered_lines": 9, "num_statements": 46, "percent_covered": 19.565217391304348, "percent_covered_display": "20", "missing_lines": 37, "excluded_lines": 0}, "missing_lines": [26, 27, 28, 30, 32, 33, 36, 37, 38, 39, 40, 42, 45, 47, 49, 51, 54, 56, 57, 58, 60, 61, 62, 64, 65, 66, 74, 76, 77, 84, 85, 87, 88, 94, 95, 96, 97], "excluded_lines": [], "functions": {"websocket_endpoint": {"executed_lines": [], "summary": {"covered_lines": 0, "num_statements": 26, "percent_covered": 0.0, "percent_covered_display": "0", "missing_lines": 26, "excluded_lines": 0}, "missing_lines": [26, 27, 28, 30, 32, 33, 36, 37, 38, 39, 40, 42, 45, 47, 49, 51, 54, 56, 57, 58, 60, 61, 62, 64, 65, 66], "excluded_lines": []}, "websocket_status": {"executed_lines": [], "summary": {"covered_lines": 0, "num_statements": 11, "percent_covered": 0.0, "percent_covered_display": "0", "missing_lines": 11, "excluded_lines": 0}, "missing_lines": [74, 76, 77, 84, 85, 87, 88, 94, 95, 96, 97], "excluded_lines": []}, "": {"executed_lines": [1, 5, 7, 9, 11, 12, 15, 16, 69, 70], "summary": {"covered_lines": 9, "num_statements": 9, "percent_covered": 100.0, "percent_covered_display": "100", "missing_lines": 0, "excluded_lines": 0}, "missing_lines": [], "excluded_lines": []}}, "classes": {"": {"executed_lines": [1, 5, 7, 9, 11, 12, 15, 16, 69, 70], "summary": {"covered_lines": 9, "num_statements": 46, "percent_covered": 19.565217391304348, "percent_covered_display": "20", "missing_lines": 37, "excluded_lines": 0}, "missing_lines": [26, 27, 28, 30, 32, 33, 36, 37, 38, 39, 40, 42, 45, 47, 49, 51, 54, 56, 57, 58, 60, 61, 62, 64, 65, 66, 74, 76, 77, 84, 85, 87, 88, 94, 95, 96, 97], "excluded_lines": []}}}, "api\\websocket_manager.py": {"executed_lines": [1, 5, 6, 7, 9, 10, 12, 15, 16, 18, 20, 22, 24, 26, 54, 74, 82, 98, 119, 130, 140, 169, 206, 215, 219, 223, 229], "summary": {"covered_lines": 25, "num_statements": 114, "percent_covered": 21.92982456140351, "percent_covered_display": "22", "missing_lines": 89, "excluded_lines": 0}, "missing_lines": [28, 31, 32, 33, 36, 42, 45, 56, 58, 59, 62, 63, 66, 67, 70, 72, 76, 77, 78, 79, 80, 84, 85, 87, 88, 89, 90, 91, 92, 95, 96, 100, 102, 103, 104, 106, 108, 109, 110, 111, 112, 113, 116, 117, 121, 128, 132, 138, 142, 143, 144, 146, 148, 150, 153, 161, 163, 164, 167, 171, 172, 173, 174, 176, 177, 179, 180, 183, 184, 185, 188, 189, 193, 194, 195, 198, 199, 201, 202, 204, 208, 209, 210, 211, 212, 213, 217, 221, 225], "excluded_lines": [], "functions": {"ConnectionManager.__init__": {"executed_lines": [20, 22, 24], "summary": {"covered_lines": 3, "num_statements": 3, "percent_covered": 100.0, "percent_covered_display": "100", "missing_lines": 0, "excluded_lines": 0}, "missing_lines": [], "excluded_lines": []}, "ConnectionManager.connect": {"executed_lines": [], "summary": {"covered_lines": 0, "num_statements": 7, "percent_covered": 0.0, "percent_covered_display": "0", "missing_lines": 7, "excluded_lines": 0}, "missing_lines": [28, 31, 32, 33, 36, 42, 45], "excluded_lines": []}, "ConnectionManager.disconnect": {"executed_lines": [], "summary": {"covered_lines": 0, "num_statements": 9, "percent_covered": 0.0, "percent_covered_display": "0", "missing_lines": 9, "excluded_lines": 0}, "missing_lines": [56, 58, 59, 62, 63, 66, 67, 70, 72], "excluded_lines": []}, "ConnectionManager.send_personal_message": {"executed_lines": [], "summary": {"covered_lines": 0, "num_statements": 5, "percent_covered": 0.0, "percent_covered_display": "0", "missing_lines": 5, "excluded_lines": 0}, "missing_lines": [76, 77, 78, 79, 80], "excluded_lines": []}, "ConnectionManager.send_user_message": {"executed_lines": [], "summary": {"covered_lines": 0, "num_statements": 10, "percent_covered": 0.0, "percent_covered_display": "0", "missing_lines": 10, "excluded_lines": 0}, "missing_lines": [84, 85, 87, 88, 89, 90, 91, 92, 95, 96], "excluded_lines": []}, "ConnectionManager.broadcast": {"executed_lines": [], "summary": {"covered_lines": 0, "num_statements": 13, "percent_covered": 0.0, "percent_covered_display": "0", "missing_lines": 13, "excluded_lines": 0}, "missing_lines": [100, 102, 103, 104, 106, 108, 109, 110, 111, 112, 113, 116, 117], "excluded_lines": []}, "ConnectionManager.send_progress_update": {"executed_lines": [], "summary": {"covered_lines": 0, "num_statements": 2, "percent_covered": 0.0, "percent_covered_display": "0", "missing_lines": 2, "excluded_lines": 0}, "missing_lines": [121, 128], "excluded_lines": []}, "ConnectionManager.send_error": {"executed_lines": [], "summary": {"covered_lines": 0, "num_statements": 2, "percent_covered": 0.0, "percent_covered_display": "0", "missing_lines": 2, "excluded_lines": 0}, "missing_lines": [132, 138], "excluded_lines": []}, "ConnectionManager.handle_message": {"executed_lines": [], "summary": {"covered_lines": 0, "num_statements": 11, "percent_covered": 0.0, "percent_covered_display": "0", "missing_lines": 11, "excluded_lines": 0}, "missing_lines": [142, 143, 144, 146, 148, 150, 153, 161, 163, 164, 167], "excluded_lines": []}, "ConnectionManager.start_health_checks": {"executed_lines": [], "summary": {"covered_lines": 0, "num_statements": 2, "percent_covered": 0.0, "percent_covered_display": "0", "missing_lines": 2, "excluded_lines": 0}, "missing_lines": [171, 204], "excluded_lines": []}, "ConnectionManager.start_health_checks.check_connections": {"executed_lines": [], "summary": {"covered_lines": 0, "num_statements": 19, "percent_covered": 0.0, "percent_covered_display": "0", "missing_lines": 19, "excluded_lines": 0}, "missing_lines": [172, 173, 174, 176, 177, 179, 180, 183, 184, 185, 188, 189, 193, 194, 195, 198, 199, 201, 202], "excluded_lines": []}, "ConnectionManager.stop_health_checks": {"executed_lines": [], "summary": {"covered_lines": 0, "num_statements": 6, "percent_covered": 0.0, "percent_covered_display": "0", "missing_lines": 6, "excluded_lines": 0}, "missing_lines": [208, 209, 210, 211, 212, 213], "excluded_lines": []}, "ConnectionManager.get_connection_count": {"executed_lines": [], "summary": {"covered_lines": 0, "num_statements": 1, "percent_covered": 0.0, "percent_covered_display": "0", "missing_lines": 1, "excluded_lines": 0}, "missing_lines": [217], "excluded_lines": []}, "ConnectionManager.get_user_connection_count": {"executed_lines": [], "summary": {"covered_lines": 0, "num_statements": 1, "percent_covered": 0.0, "percent_covered_display": "0", "missing_lines": 1, "excluded_lines": 0}, "missing_lines": [221], "excluded_lines": []}, "ConnectionManager.get_connected_users": {"executed_lines": [], "summary": {"covered_lines": 0, "num_statements": 1, "percent_covered": 0.0, "percent_covered_display": "0", "missing_lines": 1, "excluded_lines": 0}, "missing_lines": [225], "excluded_lines": []}, "": {"executed_lines": [1, 5, 6, 7, 9, 10, 12, 15, 16, 18, 26, 54, 74, 82, 98, 119, 130, 140, 169, 206, 215, 219, 223, 229], "summary": {"covered_lines": 22, "num_statements": 22, "percent_covered": 100.0, "percent_covered_display": "100", "missing_lines": 0, "excluded_lines": 0}, "missing_lines": [], "excluded_lines": []}}, "classes": {"ConnectionManager": {"executed_lines": [20, 22, 24], "summary": {"covered_lines": 3, "num_statements": 92, "percent_covered": 3.260869565217391, "percent_covered_display": "3", "missing_lines": 89, "excluded_lines": 0}, "missing_lines": [28, 31, 32, 33, 36, 42, 45, 56, 58, 59, 62, 63, 66, 67, 70, 72, 76, 77, 78, 79, 80, 84, 85, 87, 88, 89, 90, 91, 92, 95, 96, 100, 102, 103, 104, 106, 108, 109, 110, 111, 112, 113, 116, 117, 121, 128, 132, 138, 142, 143, 144, 146, 148, 150, 153, 161, 163, 164, 167, 171, 172, 173, 174, 176, 177, 179, 180, 183, 184, 185, 188, 189, 193, 194, 195, 198, 199, 201, 202, 204, 208, 209, 210, 211, 212, 213, 217, 221, 225], "excluded_lines": []}, "": {"executed_lines": [1, 5, 6, 7, 9, 10, 12, 15, 16, 18, 26, 54, 74, 82, 98, 119, 130, 140, 169, 206, 215, 219, 223, 229], "summary": {"covered_lines": 22, "num_statements": 22, "percent_covered": 100.0, "percent_covered_display": "100", "missing_lines": 0, "excluded_lines": 0}, "missing_lines": [], "excluded_lines": []}}}, "core\\__init__.py": {"executed_lines": [0], "summary": {"covered_lines": 0, "num_statements": 0, "percent_covered": 100.0, "percent_covered_display": "100", "missing_lines": 0, "excluded_lines": 0}, "missing_lines": [], "excluded_lines": [], "functions": {"": {"executed_lines": [], "summary": {"covered_lines": 0, "num_statements": 0, "percent_covered": 100.0, "percent_covered_display": "100", "missing_lines": 0, "excluded_lines": 0}, "missing_lines": [], "excluded_lines": []}}, "classes": {"": {"executed_lines": [], "summary": {"covered_lines": 0, "num_statements": 0, "percent_covered": 100.0, "percent_covered_display": "100", "missing_lines": 0, "excluded_lines": 0}, "missing_lines": [], "excluded_lines": []}}}, "core\\app.py": {"executed_lines": [1, 4, 5, 7, 9, 23, 24, 25, 26, 27, 28, 31, 32, 33, 36, 37, 68, 72, 81, 84, 87, 88, 98, 99, 104, 105, 108, 109, 112, 119, 120, 121, 122, 123, 124, 125, 126, 127, 128, 131, 135, 137, 138, 142], "summary": {"covered_lines": 43, "num_statements": 65, "percent_covered": 66.15384615384616, "percent_covered_display": "66", "missing_lines": 22, "excluded_lines": 0}, "missing_lines": [39, 40, 43, 44, 45, 47, 49, 50, 52, 53, 54, 56, 59, 60, 61, 62, 64, 65, 90, 101, 132, 133], "excluded_lines": [], "functions": {"lifespan": {"executed_lines": [], "summary": {"covered_lines": 0, "num_statements": 18, "percent_covered": 0.0, "percent_covered_display": "0", "missing_lines": 18, "excluded_lines": 0}, "missing_lines": [39, 40, 43, 44, 45, 47, 49, 50, 52, 53, 54, 56, 59, 60, 61, 62, 64, 65], "excluded_lines": []}, "create_app": {"executed_lines": [72, 81, 84, 87, 88, 98, 99, 104, 105, 108, 109, 112, 119, 120, 121, 122, 123, 124, 125, 126, 127, 128, 131, 135, 137, 138], "summary": {"covered_lines": 26, "num_statements": 28, "percent_covered": 92.85714285714286, "percent_covered_display": "93", "missing_lines": 2, "excluded_lines": 0}, "missing_lines": [132, 133], "excluded_lines": []}, "create_app.health_check": {"executed_lines": [], "summary": {"covered_lines": 0, "num_statements": 1, "percent_covered": 0.0, "percent_covered_display": "0", "missing_lines": 1, "excluded_lines": 0}, "missing_lines": [90], "excluded_lines": []}, "create_app.test_endpoint": {"executed_lines": [], "summary": {"covered_lines": 0, "num_statements": 1, "percent_covered": 0.0, "percent_covered_display": "0", "missing_lines": 1, "excluded_lines": 0}, "missing_lines": [101], "excluded_lines": []}, "": {"executed_lines": [1, 4, 5, 7, 9, 23, 24, 25, 26, 27, 28, 31, 32, 33, 36, 37, 68, 142], "summary": {"covered_lines": 17, "num_statements": 17, "percent_covered": 100.0, "percent_covered_display": "100", "missing_lines": 0, "excluded_lines": 0}, "missing_lines": [], "excluded_lines": []}}, "classes": {"": {"executed_lines": [1, 4, 5, 7, 9, 23, 24, 25, 26, 27, 28, 31, 32, 33, 36, 37, 68, 72, 81, 84, 87, 88, 98, 99, 104, 105, 108, 109, 112, 119, 120, 121, 122, 123, 124, 125, 126, 127, 128, 131, 135, 137, 138, 142], "summary": {"covered_lines": 43, "num_statements": 65, "percent_covered": 66.15384615384616, "percent_covered_display": "66", "missing_lines": 22, "excluded_lines": 0}, "missing_lines": [39, 40, 43, 44, 45, 47, 49, 50, 52, 53, 54, 56, 59, 60, 61, 62, 64, 65, 90, 101, 132, 133], "excluded_lines": []}}}, "core\\auth.py": {"executed_lines": [1, 2, 3, 5, 6, 7, 8, 14, 15, 16, 17, 18, 19, 21, 22, 25, 26, 29, 30, 31, 33, 34, 35, 36, 37, 38, 39, 40, 41, 42, 45, 46, 47, 48, 50, 51, 52, 57, 58, 59, 65, 66, 67, 68, 69, 70, 71, 72, 73, 76, 77, 78, 79, 80, 81, 82, 85, 86, 87, 89, 96, 99, 110, 114, 119, 128, 131, 135, 142, 149, 152, 158, 193, 194, 198, 199, 201, 233], "summary": {"covered_lines": 75, "num_statements": 121, "percent_covered": 61.98347107438016, "percent_covered_display": "62", "missing_lines": 46, "excluded_lines": 0}, "missing_lines": [53, 54, 55, 60, 61, 62, 91, 92, 93, 94, 97, 107, 111, 115, 132, 163, 164, 166, 167, 173, 174, 176, 179, 180, 185, 186, 191, 203, 204, 205, 208, 209, 212, 213, 214, 215, 218, 219, 220, 221, 223, 224, 225, 226, 228, 229], "excluded_lines": [], "functions": {"UserCreate.validate_password": {"executed_lines": [], "summary": {"covered_lines": 0, "num_statements": 3, "percent_covered": 0.0, "percent_covered_display": "0", "missing_lines": 3, "excluded_lines": 0}, "missing_lines": [53, 54, 55], "excluded_lines": []}, "UserCreate.validate_username": {"executed_lines": [], "summary": {"covered_lines": 0, "num_statements": 3, "percent_covered": 0.0, "percent_covered_display": "0", "missing_lines": 3, "excluded_lines": 0}, "missing_lines": [60, 61, 62], "excluded_lines": []}, "UserManager.parse_id": {"executed_lines": [], "summary": {"covered_lines": 0, "num_statements": 4, "percent_covered": 0.0, "percent_covered_display": "0", "missing_lines": 4, "excluded_lines": 0}, "missing_lines": [91, 92, 93, 94], "excluded_lines": []}, "UserManager.on_after_register": {"executed_lines": [], "summary": {"covered_lines": 0, "num_statements": 1, "percent_covered": 0.0, "percent_covered_display": "0", "missing_lines": 1, "excluded_lines": 0}, "missing_lines": [97], "excluded_lines": []}, "UserManager.on_after_login": {"executed_lines": [], "summary": {"covered_lines": 0, "num_statements": 1, "percent_covered": 0.0, "percent_covered_display": "0", "missing_lines": 1, "excluded_lines": 0}, "missing_lines": [107], "excluded_lines": []}, "get_user_db": {"executed_lines": [], "summary": {"covered_lines": 0, "num_statements": 1, "percent_covered": 0.0, "percent_covered_display": "0", "missing_lines": 1, "excluded_lines": 0}, "missing_lines": [111], "excluded_lines": []}, "get_user_manager": {"executed_lines": [], "summary": {"covered_lines": 0, "num_statements": 1, "percent_covered": 0.0, "percent_covered_display": "0", "missing_lines": 1, "excluded_lines": 0}, "missing_lines": [115], "excluded_lines": []}, "get_jwt_strategy": {"executed_lines": [], "summary": {"covered_lines": 0, "num_statements": 1, "percent_covered": 0.0, "percent_covered_display": "0", "missing_lines": 1, "excluded_lines": 0}, "missing_lines": [132], "excluded_lines": []}, "get_current_active_user": {"executed_lines": [], "summary": {"covered_lines": 0, "num_statements": 12, "percent_covered": 0.0, "percent_covered_display": "0", "missing_lines": 12, "excluded_lines": 0}, "missing_lines": [163, 164, 166, 167, 173, 174, 176, 179, 180, 185, 186, 191], "excluded_lines": []}, "JWTAuthentication.authenticate": {"executed_lines": [], "summary": {"covered_lines": 0, "num_statements": 19, "percent_covered": 0.0, "percent_covered_display": "0", "missing_lines": 19, "excluded_lines": 0}, "missing_lines": [203, 204, 205, 208, 209, 212, 213, 214, 215, 218, 219, 220, 221, 223, 224, 225, 226, 228, 229], "excluded_lines": []}, "": {"executed_lines": [1, 2, 3, 5, 6, 7, 8, 14, 15, 16, 17, 18, 19, 21, 22, 25, 26, 29, 30, 31, 33, 34, 35, 36, 37, 38, 39, 40, 41, 42, 45, 46, 47, 48, 50, 51, 52, 57, 58, 59, 65, 66, 67, 68, 69, 70, 71, 72, 73, 76, 77, 78, 79, 80, 81, 82, 85, 86, 87, 89, 96, 99, 110, 114, 119, 128, 131, 135, 142, 149, 152, 158, 193, 194, 198, 199, 201, 233], "summary": {"covered_lines": 75, "num_statements": 75, "percent_covered": 100.0, "percent_covered_display": "100", "missing_lines": 0, "excluded_lines": 0}, "missing_lines": [], "excluded_lines": []}}, "classes": {"Base": {"executed_lines": [], "summary": {"covered_lines": 0, "num_statements": 0, "percent_covered": 100.0, "percent_covered_display": "100", "missing_lines": 0, "excluded_lines": 0}, "missing_lines": [], "excluded_lines": []}, "User": {"executed_lines": [], "summary": {"covered_lines": 0, "num_statements": 0, "percent_covered": 100.0, "percent_covered_display": "100", "missing_lines": 0, "excluded_lines": 0}, "missing_lines": [], "excluded_lines": []}, "UserCreate": {"executed_lines": [], "summary": {"covered_lines": 0, "num_statements": 6, "percent_covered": 0.0, "percent_covered_display": "0", "missing_lines": 6, "excluded_lines": 0}, "missing_lines": [53, 54, 55, 60, 61, 62], "excluded_lines": []}, "UserRead": {"executed_lines": [], "summary": {"covered_lines": 0, "num_statements": 0, "percent_covered": 100.0, "percent_covered_display": "100", "missing_lines": 0, "excluded_lines": 0}, "missing_lines": [], "excluded_lines": []}, "UserUpdate": {"executed_lines": [], "summary": {"covered_lines": 0, "num_statements": 0, "percent_covered": 100.0, "percent_covered_display": "100", "missing_lines": 0, "excluded_lines": 0}, "missing_lines": [], "excluded_lines": []}, "UserManager": {"executed_lines": [], "summary": {"covered_lines": 0, "num_statements": 6, "percent_covered": 0.0, "percent_covered_display": "0", "missing_lines": 6, "excluded_lines": 0}, "missing_lines": [91, 92, 93, 94, 97, 107], "excluded_lines": []}, "JWTAuthentication": {"executed_lines": [], "summary": {"covered_lines": 0, "num_statements": 19, "percent_covered": 0.0, "percent_covered_display": "0", "missing_lines": 19, "excluded_lines": 0}, "missing_lines": [203, 204, 205, 208, 209, 212, 213, 214, 215, 218, 219, 220, 221, 223, 224, 225, 226, 228, 229], "excluded_lines": []}, "": {"executed_lines": [1, 2, 3, 5, 6, 7, 8, 14, 15, 16, 17, 18, 19, 21, 22, 25, 26, 29, 30, 31, 33, 34, 35, 36, 37, 38, 39, 40, 41, 42, 45, 46, 47, 48, 50, 51, 52, 57, 58, 59, 65, 66, 67, 68, 69, 70, 71, 72, 73, 76, 77, 78, 79, 80, 81, 82, 85, 86, 87, 89, 96, 99, 110, 114, 119, 128, 131, 135, 142, 149, 152, 158, 193, 194, 198, 199, 201, 233], "summary": {"covered_lines": 75, "num_statements": 90, "percent_covered": 83.33333333333333, "percent_covered_display": "83", "missing_lines": 15, "excluded_lines": 0}, "missing_lines": [111, 115, 132, 163, 164, 166, 167, 173, 174, 176, 179, 180, 185, 186, 191], "excluded_lines": []}}}, "core\\config.py": {"executed_lines": [1, 4, 5, 7, 8, 11, 12, 14, 21, 22, 23, 24, 25, 28, 29, 30, 31, 32, 33, 34, 35, 36, 39, 50, 53, 54, 55, 58, 59, 60, 63, 64, 67, 68, 71, 76, 83, 84, 87, 88, 90, 96, 97, 98, 100, 107, 109, 123, 125, 129, 130, 131, 133, 141, 153, 155, 156, 165], "summary": {"covered_lines": 56, "num_statements": 82, "percent_covered": 68.29268292682927, "percent_covered_display": "68", "missing_lines": 26, "excluded_lines": 0}, "missing_lines": [101, 103, 104, 106, 111, 112, 114, 115, 118, 119, 120, 121, 126, 135, 136, 139, 143, 144, 145, 146, 149, 150, 151, 159, 160, 161], "excluded_lines": [], "functions": {"Settings.parse_cors_origins": {"executed_lines": [100, 107], "summary": {"covered_lines": 2, "num_statements": 6, "percent_covered": 33.333333333333336, "percent_covered_display": "33", "missing_lines": 4, "excluded_lines": 0}, "missing_lines": [101, 103, 104, 106], "excluded_lines": []}, "Settings.get_database_url": {"executed_lines": [], "summary": {"covered_lines": 0, "num_statements": 8, "percent_covered": 0.0, "percent_covered_display": "0", "missing_lines": 8, "excluded_lines": 0}, "missing_lines": [111, 112, 114, 115, 118, 119, 120, 121], "excluded_lines": []}, "Settings.get_database_path": {"executed_lines": [125, 129, 1
[...]
, "num_statements": 1, "percent_covered": 0.0, "percent_covered_display": "0", "missing_lines": 1, "excluded_lines": 0}, "missing_lines": [234], "excluded_lines": []}, "NLLBTranslationService.is_initialized": {"executed_lines": [], "summary": {"covered_lines": 0, "num_statements": 1, "percent_covered": 0.0, "percent_covered_display": "0", "missing_lines": 1, "excluded_lines": 0}, "missing_lines": [239], "excluded_lines": []}, "": {"executed_lines": [], "summary": {"covered_lines": 0, "num_statements": 19, "percent_covered": 0.0, "percent_covered_display": "0", "missing_lines": 19, "excluded_lines": 0}, "missing_lines": [1, 3, 5, 11, 12, 14, 17, 24, 54, 82, 106, 138, 177, 209, 213, 231, 232, 236, 237], "excluded_lines": []}}, "classes": {"NLLBTranslationService": {"executed_lines": [], "summary": {"covered_lines": 0, "num_statements": 46, "percent_covered": 0.0, "percent_covered_display": "0", "missing_lines": 46, "excluded_lines": 0}, "missing_lines": [68, 69, 70, 71, 72, 75, 76, 77, 79, 80, 84, 85, 88, 89, 96, 104, 113, 114, 117, 118, 121, 127, 145, 146, 149, 150, 153, 160, 161, 162, 175, 179, 211, 215, 216, 217, 219, 220, 221, 223, 224, 225, 228, 229, 234, 239], "excluded_lines": []}, "": {"executed_lines": [], "summary": {"covered_lines": 0, "num_statements": 19, "percent_covered": 0.0, "percent_covered_display": "0", "missing_lines": 19, "excluded_lines": 0}, "missing_lines": [1, 3, 5, 11, 12, 14, 17, 24, 54, 82, 106, 138, 177, 209, 213, 231, 232, 236, 237], "excluded_lines": []}}}, "services\\translationservice\\opus_implementation.py": {"executed_lines": [], "summary": {"covered_lines": 0, "num_statements": 51, "percent_covered": 0.0, "percent_covered_display": "0", "missing_lines": 51, "excluded_lines": 0}, "missing_lines": [6, 7, 9, 11, 14, 20, 32, 33, 34, 35, 36, 38, 40, 41, 44, 45, 48, 55, 57, 64, 65, 68, 70, 81, 88, 89, 92, 95, 96, 97, 110, 112, 115, 122, 124, 126, 128, 129, 130, 132, 133, 134, 136, 137, 138, 140, 141, 143, 145, 146, 148], "excluded_lines": [], "functions": {"OpusTranslationService.__init__": {"executed_lines": [], "summary": {"covered_lines": 0, "num_statements": 5, "percent_covered": 0.0, "percent_covered_display": "0", "missing_lines": 5, "excluded_lines": 0}, "missing_lines": [32, 33, 34, 35, 36], "excluded_lines": []}, "OpusTranslationService.initialize": {"executed_lines": [], "summary": {"covered_lines": 0, "num_statements": 6, "percent_covered": 0.0, "percent_covered_display": "0", "missing_lines": 6, "excluded_lines": 0}, "missing_lines": [40, 41, 44, 45, 48, 55], "excluded_lines": []}, "OpusTranslationService.translate": {"executed_lines": [], "summary": {"covered_lines": 0, "num_statements": 4, "percent_covered": 0.0, "percent_covered_display": "0", "missing_lines": 4, "excluded_lines": 0}, "missing_lines": [64, 65, 68, 70], "excluded_lines": []}, "OpusTranslationService.translate_batch": {"executed_lines": [], "summary": {"covered_lines": 0, "num_statements": 7, "percent_covered": 0.0, "percent_covered_display": "0", "missing_lines": 7, "excluded_lines": 0}, "missing_lines": [88, 89, 92, 95, 96, 97, 110], "excluded_lines": []}, "OpusTranslationService.get_supported_languages": {"executed_lines": [], "summary": {"covered_lines": 0, "num_statements": 1, "percent_covered": 0.0, "percent_covered_display": "0", "missing_lines": 1, "excluded_lines": 0}, "missing_lines": [115], "excluded_lines": []}, "OpusTranslationService.is_language_supported": {"executed_lines": [], "summary": {"covered_lines": 0, "num_statements": 1, "percent_covered": 0.0, "percent_covered_display": "0", "missing_lines": 1, "excluded_lines": 0}, "missing_lines": [124], "excluded_lines": []}, "OpusTranslationService.cleanup": {"executed_lines": [], "summary": {"covered_lines": 0, "num_statements": 9, "percent_covered": 0.0, "percent_covered_display": "0", "missing_lines": 9, "excluded_lines": 0}, "missing_lines": [128, 129, 130, 132, 133, 134, 136, 137, 138], "excluded_lines": []}, "OpusTranslationService.service_name": {"executed_lines": [], "summary": {"covered_lines": 0, "num_statements": 1, "percent_covered": 0.0, "percent_covered_display": "0", "missing_lines": 1, "excluded_lines": 0}, "missing_lines": [143], "excluded_lines": []}, "OpusTranslationService.is_initialized": {"executed_lines": [], "summary": {"covered_lines": 0, "num_statements": 1, "percent_covered": 0.0, "percent_covered_display": "0", "missing_lines": 1, "excluded_lines": 0}, "missing_lines": [148], "excluded_lines": []}, "": {"executed_lines": [], "summary": {"covered_lines": 0, "num_statements": 16, "percent_covered": 0.0, "percent_covered_display": "0", "missing_lines": 16, "excluded_lines": 0}, "missing_lines": [6, 7, 9, 11, 14, 20, 38, 57, 81, 112, 122, 126, 140, 141, 145, 146], "excluded_lines": []}}, "classes": {"OpusTranslationService": {"executed_lines": [], "summary": {"covered_lines": 0, "num_statements": 35, "percent_covered": 0.0, "percent_covered_display": "0", "missing_lines": 35, "excluded_lines": 0}, "missing_lines": [32, 33, 34, 35, 36, 40, 41, 44, 45, 48, 55, 64, 65, 68, 70, 88, 89, 92, 95, 96, 97, 110, 115, 124, 128, 129, 130, 132, 133, 134, 136, 137, 138, 143, 148], "excluded_lines": []}, "": {"executed_lines": [], "summary": {"covered_lines": 0, "num_statements": 16, "percent_covered": 0.0, "percent_covered_display": "0", "missing_lines": 16, "excluded_lines": 0}, "missing_lines": [6, 7, 9, 11, 14, 20, 38, 57, 81, 112, 122, 126, 140, 141, 145, 146], "excluded_lines": []}}}, "services\\utils\\__init__.py": {"executed_lines": [], "summary": {"covered_lines": 0, "num_statements": 2, "percent_covered": 0.0, "percent_covered_display": "0", "missing_lines": 2, "excluded_lines": 0}, "missing_lines": [3, 5], "excluded_lines": [], "functions": {"": {"executed_lines": [], "summary": {"covered_lines": 0, "num_statements": 2, "percent_covered": 0.0, "percent_covered_display": "0", "missing_lines": 2, "excluded_lines": 0}, "missing_lines": [3, 5], "excluded_lines": []}}, "classes": {"": {"executed_lines": [], "summary": {"covered_lines": 0, "num_statements": 2, "percent_covered": 0.0, "percent_covered_display": "0", "missing_lines": 2, "excluded_lines": 0}, "missing_lines": [3, 5], "excluded_lines": []}}}, "services\\utils\\srt_parser.py": {"executed_lines": [], "summary": {"covered_lines": 0, "num_statements": 109, "percent_covered": 0.0, "percent_covered_display": "0", "missing_lines": 109, "excluded_lines": 0}, "missing_lines": [6, 7, 8, 11, 12, 14, 15, 16, 17, 18, 19, 22, 26, 30, 31, 40, 41, 42, 44, 45, 47, 48, 57, 58, 59, 60, 62, 64, 65, 78, 79, 80, 82, 83, 84, 85, 87, 88, 90, 92, 93, 102, 105, 107, 108, 109, 111, 112, 113, 115, 117, 120, 121, 122, 124, 128, 129, 132, 133, 136, 137, 139, 140, 141, 142, 143, 145, 146, 148, 157, 159, 161, 163, 165, 166, 175, 177, 178, 180, 181, 182, 185, 186, 187, 188, 191, 193, 195, 197, 198, 205, 206, 208, 209, 212, 213, 215, 216, 217, 220, 221, 222, 223, 224, 226, 227, 228, 229, 231], "excluded_lines": [], "functions": {"SRTParser.parse_timestamp": {"executed_lines": [], "summary": {"covered_lines": 0, "num_statements": 5, "percent_covered": 0.0, "percent_covered_display": "0", "missing_lines": 5, "excluded_lines": 0}, "missing_lines": [40, 41, 42, 44, 45], "excluded_lines": []}, "SRTParser.format_timestamp": {"executed_lines": [], "summary": {"covered_lines": 0, "num_statements": 5, "percent_covered": 0.0, "percent_covered_display": "0", "missing_lines": 5, "excluded_lines": 0}, "missing_lines": [57, 58, 59, 60, 62], "excluded_lines": []}, "SRTParser.parse_file": {"executed_lines": [], "summary": {"covered_lines": 0, "num_statements": 10, "percent_covered": 0.0, "percent_covered_display": "0", "missing_lines": 10, "excluded_lines": 0}, "missing_lines": [78, 79, 80, 82, 83, 84, 85, 87, 88, 90], "excluded_lines": []}, "SRTParser.parse_content": {"executed_lines": [], "summary": {"covered_lines": 0, "num_statements": 32, "percent_covered": 0.0, "percent_covered_display": "0", "missing_lines": 32, "excluded_lines": 0}, "missing_lines": [102, 105, 107, 108, 109, 111, 112, 113, 115, 117, 120, 121, 122, 124, 128, 129, 132, 133, 136, 137, 139, 140, 141, 142, 143, 145, 146, 148, 157, 159, 161, 163], "excluded_lines": []}, "SRTParser.segments_to_srt": {"executed_lines": [], "summary": {"covered_lines": 0, "num_statements": 13, "percent_covered": 0.0, "percent_covered_display": "0", "missing_lines": 13, "excluded_lines": 0}, "missing_lines": [175, 177, 178, 180, 181, 182, 185, 186, 187, 188, 191, 193, 195], "excluded_lines": []}, "SRTParser.save_segments": {"executed_lines": [], "summary": {"covered_lines": 0, "num_statements": 19, "percent_covered": 0.0, "percent_covered_display": "0", "missing_lines": 19, "excluded_lines": 0}, "missing_lines": [205, 206, 208, 209, 212, 213, 215, 216, 217, 220, 221, 222, 223, 224, 226, 227, 228, 229, 231], "excluded_lines": []}, "": {"executed_lines": [], "summary": {"covered_lines": 0, "num_statements": 25, "percent_covered": 0.0, "percent_covered_display": "0", "missing_lines": 25, "excluded_lines": 0}, "missing_lines": [6, 7, 8, 11, 12, 14, 15, 16, 17, 18, 19, 22, 26, 30, 31, 47, 48, 64, 65, 92, 93, 165, 166, 197, 198], "excluded_lines": []}}, "classes": {"SRTSegment": {"executed_lines": [], "summary": {"covered_lines": 0, "num_statements": 0, "percent_covered": 100.0, "percent_covered_display": "100", "missing_lines": 0, "excluded_lines": 0}, "missing_lines": [], "excluded_lines": []}, "SRTParser": {"executed_lines": [], "summary": {"covered_lines": 0, "num_statements": 84, "percent_covered": 0.0, "percent_covered_display": "0", "missing_lines": 84, "excluded_lines": 0}, "missing_lines": [40, 41, 42, 44, 45, 57, 58, 59, 60, 62, 78, 79, 80, 82, 83, 84, 85, 87, 88, 90, 102, 105, 107, 108, 109, 111, 112, 113, 115, 117, 120, 121, 122, 124, 128, 129, 132, 133, 136, 137, 139, 140, 141, 142, 143, 145, 146, 148, 157, 159, 161, 163, 175, 177, 178, 180, 181, 182, 185, 186, 187, 188, 191, 193, 195, 205, 206, 208, 209, 212, 213, 215, 216, 217, 220, 221, 222, 223, 224, 226, 227, 228, 229, 231], "excluded_lines": []}, "": {"executed_lines": [], "summary": {"covered_lines": 0, "num_statements": 25, "percent_covered": 0.0, "percent_covered_display": "0", "missing_lines": 25, "excluded_lines": 0}, "missing_lines": [6, 7, 8, 11, 12, 14, 15, 16, 17, 18, 19, 22, 26, 30, 31, 47, 48, 64, 65, 92, 93, 165, 166, 197, 198], "excluded_lines": []}}}, "services\\videoservice\\video_service.py": {"executed_lines": [1, 4, 5, 7, 8, 10, 13, 14, 16, 20, 87, 101, 125], "summary": {"covered_lines": 11, "num_statements": 78, "percent_covered": 14.102564102564102, "percent_covered_display": "14", "missing_lines": 67, "excluded_lines": 0}, "missing_lines": [17, 18, 22, 23, 24, 26, 28, 29, 30, 33, 35, 36, 39, 40, 42, 50, 51, 54, 55, 56, 57, 60, 62, 63, 66, 67, 69, 77, 78, 80, 81, 83, 84, 85, 90, 91, 93, 94, 95, 96, 97, 99, 103, 105, 107, 110, 111, 112, 113, 114, 115, 116, 117, 118, 121, 123, 127, 129, 130, 131, 134, 137, 138, 141, 148, 149, 151], "excluded_lines": [], "functions": {"VideoService.__init__": {"executed_lines": [], "summary": {"covered_lines": 0, "num_statements": 2, "percent_covered": 0.0, "percent_covered_display": "0", "missing_lines": 2, "excluded_lines": 0}, "missing_lines": [17, 18], "excluded_lines": []}, "VideoService.get_available_videos": {"executed_lines": [], "summary": {"covered_lines": 0, "num_statements": 32, "percent_covered": 0.0, "percent_covered_display": "0", "missing_lines": 32, "excluded_lines": 0}, "missing_lines": [22, 23, 24, 26, 28, 29, 30, 33, 35, 36, 39, 40, 42, 50, 51, 54, 55, 56, 57, 60, 62, 63, 66, 67, 69, 77, 78, 80, 81, 83, 84, 85], "excluded_lines": []}, "VideoService._parse_episode_filename": {"executed_lines": [], "summary": {"covered_lines": 0, "num_statements": 8, "percent_covered": 0.0, "percent_covered_display": "0", "missing_lines": 8, "excluded_lines": 0}, "missing_lines": [90, 91, 93, 94, 95, 96, 97, 99], "excluded_lines": []}, "VideoService.get_subtitle_file_path": {"executed_lines": [], "summary": {"covered_lines": 0, "num_statements": 14, "percent_covered": 0.0, "percent_covered_display": "0", "missing_lines": 14, "excluded_lines": 0}, "missing_lines": [103, 105, 107, 110, 111, 112, 113, 114, 115, 116, 117, 118, 121, 123], "excluded_lines": []}, "VideoService.get_video_file_path": {"executed_lines": [], "summary": {"covered_lines": 0, "num_statements": 11, "percent_covered": 0.0, "percent_covered_display": "0", "missing_lines": 11, "excluded_lines": 0}, "missing_lines": [127, 129, 130, 131, 134, 137, 138, 141, 148, 149, 151], "excluded_lines": []}, "": {"executed_lines": [1, 4, 5, 7, 8, 10, 13, 14, 16, 20, 87, 101, 125], "summary": {"covered_lines": 11, "num_statements": 11, "percent_covered": 100.0, "percent_covered_display": "100", "missing_lines": 0, "excluded_lines": 0}, "missing_lines": [], "excluded_lines": []}}, "classes": {"VideoService": {"executed_lines": [], "summary": {"covered_lines": 0, "num_statements": 67, "percent_covered": 0.0, "percent_covered_display": "0", "missing_lines": 67, "excluded_lines": 0}, "missing_lines": [17, 18, 22, 23, 24, 26, 28, 29, 30, 33, 35, 36, 39, 40, 42, 50, 51, 54, 55, 56, 57, 60, 62, 63, 66, 67, 69, 77, 78, 80, 81, 83, 84, 85, 90, 91, 93, 94, 95, 96, 97, 99, 103, 105, 107, 110, 111, 112, 113, 114, 115, 116, 117, 118, 121, 123, 127, 129, 130, 131, 134, 137, 138, 141, 148, 149, 151], "excluded_lines": []}, "": {"executed_lines": [1, 4, 5, 7, 8, 10, 13, 14, 16, 20, 87, 101, 125], "summary": {"covered_lines": 11, "num_statements": 11, "percent_covered": 100.0, "percent_covered_display": "100", "missing_lines": 0, "excluded_lines": 0}, "missing_lines": [], "excluded_lines": []}}}, "services\\vocabulary_preload_service.py": {"executed_lines": [1, 6, 7, 8, 10, 11, 13, 14, 16, 19, 20, 22, 25, 53, 98, 116, 140, 157, 183, 245, 265, 331], "summary": {"covered_lines": 20, "num_statements": 160, "percent_covered": 12.5, "percent_covered_display": "12", "missing_lines": 140, "excluded_lines": 0}, "missing_lines": [23, 32, 34, 41, 42, 43, 44, 45, 46, 48, 49, 51, 55, 57, 58, 59, 60, 61, 62, 65, 66, 67, 68, 70, 71, 72, 80, 81, 83, 84, 85, 86, 87, 88, 90, 92, 94, 95, 96, 100, 103, 104, 106, 107, 108, 109, 111, 112, 113, 114, 118, 120, 125, 126, 128, 129, 130, 138, 142, 144, 145, 147, 148, 149, 150, 152, 153, 154, 155, 159, 161, 163, 164, 172, 179, 180, 181, 185, 186, 187, 189, 192, 196, 197, 199, 200, 201, 203, 205, 209, 210, 212, 214, 215, 216, 217, 220, 228, 231, 235, 237, 238, 239, 240, 243, 249, 250, 251, 253, 254, 255, 257, 260, 261, 262, 263, 267, 269, 271, 284, 285, 287, 288, 289, 290, 295, 298, 299, 312, 313, 315, 316, 317, 318, 323, 324, 325, 326, 327, 333], "excluded_lines": [], "functions": {"VocabularyPreloadService.__init__": {"executed_lines": [], "summary": {"covered_lines": 0, "num_statements": 1, "percent_covered": 0.0, "percent_covered_display": "0", "missing_lines": 1, "excluded_lines": 0}, "missing_lines": [23], "excluded_lines": []}, "VocabularyPreloadService.load_vocabulary_files": {"executed_lines": [], "summary": {"covered_lines": 0, "num_statements": 11, "percent_covered": 0.0, "percent_covered_display": "0", "missing_lines": 11, "excluded_lines": 0}, "missing_lines": [32, 34, 41, 42, 43, 44, 45, 46, 48, 49, 51], "excluded_lines": []}, "VocabularyPreloadService._load_level_vocabulary": {"executed_lines": [], "summary": {"covered_lines": 0, "num_statements": 27, "percent_covered": 0.0, "percent_covered_display": "0", "missing_lines": 27, "excluded_lines": 0}, "missing_lines": [55, 57, 58, 59, 60, 61, 62, 65, 66, 67, 68, 70, 71, 72, 80, 81, 83, 84, 85, 86, 87, 88, 90, 92, 94, 95, 96], "excluded_lines": []}, "VocabularyPreloadService.get_level_words": {"executed_lines": [], "summary": {"covered_lines": 0, "num_statements": 11, "percent_covered": 0.0, "percent_covered_display": "0", "missing_lines": 11, "excluded_lines": 0}, "missing_lines": [100, 103, 104, 106, 107, 108, 109, 111, 112, 113, 114], "excluded_lines": []}, "VocabularyPreloadService._execute_get_level_words": {"executed_lines": [], "summary": {"covered_lines": 0, "num_statements": 8, "percent_covered": 0.0, "percent_covered_display": "0", "missing_lines": 8, "excluded_lines": 0}, "missing_lines": [118, 120, 125, 126, 128, 129, 130, 138], "excluded_lines": []}, "VocabularyPreloadService.get_user_known_words": {"executed_lines": [], "summary": {"covered_lines": 0, "num_statements": 11, "percent_covered": 0.0, "percent_covered_display": "0", "missing_lines": 11, "excluded_lines": 0}, "missing_lines": [142, 144, 145, 147, 148, 149, 150, 152, 153, 154, 155], "excluded_lines": []}, "VocabularyPreloadService._execute_get_user_known_words": {"executed_lines": [], "summary": {"covered_lines": 0, "num_statements": 8, "percent_covered": 0.0, "percent_covered_display": "0", "missing_lines": 8, "excluded_lines": 0}, "missing_lines": [159, 161, 163, 164, 172, 179, 180, 181], "excluded_lines": []}, "VocabularyPreloadService.mark_user_word_known": {"executed_lines": [], "summary": {"covered_lines": 0, "num_statements": 28, "percent_covered": 0.0, "percent_covered_display": "0", "missing_lines": 28, "excluded_lines": 0}, "missing_lines": [185, 186, 187, 189, 192, 196, 197, 199, 200, 201, 203, 205, 209, 210, 212, 214, 215, 216, 217, 220, 228, 231, 235, 237, 238, 239, 240, 243], "excluded_lines": []}, "VocabularyPreloadService.bulk_mark_level_known": {"executed_lines": [], "summary": {"covered_lines": 0, "num_statements": 11, "percent_covered": 0.0, "percent_covered_display": "0", "missing_lines": 11, "excluded_lines": 0}, "missing_lines": [249, 250, 251, 253, 254, 255, 257, 260, 261, 262, 263], "excluded_lines": []}, "VocabularyPreloadService.get_vocabulary_stats": {"executed_lines": [], "summary": {"covered_lines": 0, "num_statements": 23, "percent_covered": 0.0, "percent_covered_display": "0", "missing_lines": 23, "excluded_lines": 0}, "missing_lines": [267, 269, 271, 284, 285, 287, 288, 289, 290, 295, 298, 299, 312, 313, 315, 316, 317, 318, 323, 324, 325, 326, 327], "excluded_lines": []}, "get_vocabulary_preload_service": {"executed_lines": [], "summary": {"covered_lines": 0, "num_statements": 1, "percent_covered": 0.0, "percent_covered_display": "0", "missing_lines": 1, "excluded_lines": 0}, "missing_lines": [333], "excluded_lines": []}, "": {"executed_lines": [1, 6, 7, 8, 10, 11, 13, 14, 16, 19, 20, 22, 25, 53, 98, 116, 140, 157, 183, 245, 265, 331], "summary": {"covered_lines": 20, "num_statements": 20, "percent_covered": 100.0, "percent_covered_display": "100", "missing_lines": 0, "excluded_lines": 0}, "missing_lines": [], "excluded_lines": []}}, "classes": {"VocabularyPreloadService": {"executed_lines": [], "summary": {"covered_lines": 0, "num_statements": 139, "percent_covered": 0.0, "percent_covered_display": "0", "missing_lines": 139, "excluded_lines": 0}, "missing_lines": [23, 32, 34, 41, 42, 43, 44, 45, 46, 48, 49, 51, 55, 57, 58, 59, 60, 61, 62, 65, 66, 67, 68, 70, 71, 72, 80, 81, 83, 84, 85, 86, 87, 88, 90, 92, 94, 95, 96, 100, 103, 104, 106, 107, 108, 109, 111, 112, 113, 114, 118, 120, 125, 126, 128, 129, 130, 138, 142, 144, 145, 147, 148, 149, 150, 152, 153, 154, 155, 159, 161, 163, 164, 172, 179, 180, 181, 185, 186, 187, 189, 192, 196, 197, 199, 200, 201, 203, 205, 209, 210, 212, 214, 215, 216, 217, 220, 228, 231, 235, 237, 238, 239, 240, 243, 249, 250, 251, 253, 254, 255, 257, 260, 261, 262, 263, 267, 269, 271, 284, 285, 287, 288, 289, 290, 295, 298, 299, 312, 313, 315, 316, 317, 318, 323, 324, 325, 326, 327], "excluded_lines": []}, "": {"executed_lines": [1, 6, 7, 8, 10, 11, 13, 14, 16, 19, 20, 22, 25, 53, 98, 116, 140, 157, 183, 245, 265, 331], "summary": {"covered_lines": 20, "num_statements": 21, "percent_covered": 95.23809523809524, "percent_covered_display": "95", "missing_lines": 1, "excluded_lines": 0}, "missing_lines": [333], "excluded_lines": []}}}}, "totals": {"covered_lines": 1213, "num_statements": 4422, "percent_covered": 27.431026684758027, "percent_covered_display": "27", "missing_lines": 3209, "excluded_lines": 2}}