<?xml version="1.0" encoding="utf-8"?><testsuites name="pytest tests"><testsuite name="pytest" errors="0" failures="1" skipped="0" tests="81" time="53.054" timestamp="2025-09-24T15:22:31.316804+02:00" hostname="DESKTOP-CAUUR63"><testcase classname="tests.unit.models.test_auth_models.TestRegisterRequestValidation" name="test_validate_password_strength_valid_password" time="0.586" /><testcase classname="tests.unit.models.test_auth_models.TestRegisterRequestValidation" name="test_validate_password_strength_missing_uppercase" time="0.555" /><testcase classname="tests.unit.models.test_auth_models.TestRegisterRequestValidation" name="test_validate_password_strength_missing_lowercase" time="0.545" /><testcase classname="tests.unit.models.test_auth_models.TestRegisterRequestValidation" name="test_validate_password_strength_missing_digit" time="0.572" /><testcase classname="tests.unit.models.test_auth_models.TestRegisterRequestValidation" name="test_validate_password_strength_multiple_violations" time="0.531" /><testcase classname="tests.unit.models.test_auth_models.TestRegisterRequestValidation" name="test_username_validation_valid" time="0.468" /><testcase classname="tests.unit.models.test_auth_models.TestRegisterRequestValidation" name="test_username_validation_too_short" time="0.548" /><testcase classname="tests.unit.models.test_auth_models.TestRegisterRequestValidation" name="test_username_validation_too_long" time="0.572" /><testcase classname="tests.unit.models.test_auth_models.TestRegisterRequestValidation" name="test_username_validation_invalid_characters" time="0.488" /><testcase classname="tests.unit.models.test_auth_models.TestRegisterRequestValidation" name="test_password_length_validation" time="0.525" /><testcase classname="tests.unit.models.test_auth_models.TestLoginRequest" name="test_valid_login_request" time="0.546" /><testcase classname="tests.unit.models.test_auth_models.TestLoginRequest" name="test_empty_username" time="0.548" /><testcase classname="tests.unit.models.test_auth_models.TestLoginRequest" name="test_empty_password" time="0.514" /><testcase classname="tests.unit.models.test_auth_models.TestUserResponseModel" name="test_valid_user_response" time="0.521" /><testcase classname="tests.unit.models.test_auth_models.TestUserResponseModel" name="test_user_response_with_null_last_login" time="0.503" /><testcase classname="tests.unit.models.test_auth_models.TestAuthResponseModel" name="test_valid_auth_response" time="0.545" /><testcase classname="tests.unit.models.test_auth_models.TestAuthResponseModel" name="test_empty_token_validation" time="0.543" /><testcase classname="tests.unit.models.test_auth_models.TestModelEdgeCases" name="test_register_request_boundary_lengths" time="0.506" /><testcase classname="tests.unit.models.test_auth_models.TestModelEdgeCases" name="test_special_characters_in_password" time="0.552" /><testcase classname="tests.unit.models.test_processing_models.TestTranscribeRequestValidation" name="test_validate_video_path_valid_paths" time="0.564" /><testcase classname="tests.unit.models.test_processing_models.TestTranscribeRequestValidation" name="test_validate_video_path_empty_path" time="0.540" /><testcase classname="tests.unit.models.test_processing_models.TestTranscribeRequestValidation" name="test_validate_video_path_whitespace_only" time="0.540" /><testcase classname="tests.unit.models.test_processing_models.TestTranscribeRequestValidation" name="test_validate_video_path_invalid_extension" time="0.539" /><testcase classname="tests.unit.models.test_processing_models.TestTranscribeRequestValidation" name="test_validate_video_path_relative_paths" time="0.557" /><testcase classname="tests.unit.models.test_processing_models.TestFilterRequestValidation" name="test_validate_video_path_valid_paths" time="0.533" /><testcase classname="tests.unit.models.test_processing_models.TestFilterRequestValidation" name="test_validate_video_path_empty_path" time="0.568" /><testcase classname="tests.unit.models.test_processing_models.TestFilterRequestValidation" name="test_validate_video_path_with_valid_path" time="0.571" /><testcase classname="tests.unit.models.test_processing_models.TestTranslateRequestValidation" name="test_validate_video_path_valid_translation" time="0.540" /><testcase classname="tests.unit.models.test_processing_models.TestTranslateRequestValidation" name="test_validate_video_path_empty_path" time="0.526" /><testcase classname="tests.unit.models.test_processing_models.TestTranslateRequestValidation" name="test_validate_different_languages_valid_pairs" time="0.564" /><testcase classname="tests.unit.models.test_processing_models.TestTranslateRequestValidation" name="test_validate_different_languages_same_languages" time="0.501" /><testcase classname="tests.unit.models.test_processing_models.TestTranslateRequestValidation" name="test_validate_different_languages_case_sensitivity" time="0.534" /><testcase classname="tests.unit.models.test_processing_models.TestFullPipelineRequestValidation" name="test_validate_video_path_full_pipeline" time="0.535" /><testcase classname="tests.unit.models.test_processing_models.TestFullPipelineRequestValidation" name="test_validate_video_path_empty_path" time="0.553" /><testcase classname="tests.unit.models.test_processing_models.TestFullPipelineRequestValidation" name="test_validate_language_codes_valid_codes" time="0.553" /><testcase classname="tests.unit.models.test_processing_models.TestFullPipelineRequestValidation" name="test_validate_language_codes_invalid_codes" time="0.528" /><testcase classname="tests.unit.models.test_processing_models.TestFullPipelineRequestValidation" name="test_validate_different_languages_full_pipeline" time="0.520" /><testcase classname="tests.unit.models.test_processing_models.TestChunkProcessingRequestValidation" name="test_validate_video_path_chunk_processing" time="0.564" /><testcase classname="tests.unit.models.test_processing_models.TestChunkProcessingRequestValidation" name="test_validate_video_path_empty_path" time="0.563" /><testcase classname="tests.unit.models.test_processing_models.TestChunkProcessingRequestValidation" name="test_validate_time_range_valid_ranges" time="0.560" /><testcase classname="tests.unit.models.test_processing_models.TestChunkProcessingRequestValidation" name="test_validate_time_range_invalid_ranges" time="0.543" /><testcase classname="tests.unit.models.test_processing_models.TestChunkProcessingRequestValidation" name="test_validate_time_range_boundary_values" time="0.560" /><testcase classname="tests.unit.models.test_processing_models.TestProcessingStatusModel" name="test_valid_processing_status" time="0.565" /><testcase classname="tests.unit.models.test_processing_models.TestProcessingStatusModel" name="test_processing_status_different_states" time="0.553" /><testcase classname="tests.unit.models.test_processing_models.TestProcessingStatusModel" name="test_processing_status_with_result" time="0.552" /><testcase classname="tests.unit.models.test_processing_models.TestProcessingStatusModel" name="test_processing_status_with_error" time="0.563" /><testcase classname="tests.unit.models.test_processing_models.TestModelIntegration" name="test_request_inheritance_patterns" time="0.553" /><testcase classname="tests.unit.models.test_processing_models.TestModelIntegration" name="test_language_validation_consistency" time="0.546" /><testcase classname="tests.unit.models.test_vocabulary_models.TestVocabularyWordValidation" name="test_validate_word_valid_multilingual_data" time="0.542" /><testcase classname="tests.unit.models.test_vocabulary_models.TestVocabularyWordValidation" name="test_validate_word_empty_word" time="0.561" /><testcase classname="tests.unit.models.test_vocabulary_models.TestVocabularyWordValidation" name="test_validate_word_whitespace_only" time="0.556" /><testcase classname="tests.unit.models.test_vocabulary_models.TestVocabularyWordValidation" name="test_validate_difficulty_level_invalid" time="0.514" /><testcase classname="tests.unit.models.test_vocabulary_models.TestVocabularyWordValidation" name="test_validate_multilingual_metadata" time="0.563" /><testcase classname="tests.unit.models.test_vocabulary_models.TestMarkKnownRequestValidation" name="test_validate_concept_id_valid_requests" time="0.552" /><testcase classname="tests.unit.models.test_vocabulary_models.TestMarkKnownRequestValidation" name="test_validate_concept_id_invalid_uuid" time="0.551" /><testcase classname="tests.unit.models.test_vocabulary_models.TestMarkKnownRequestValidation" name="test_validate_known_field_missing" time="0.542" /><testcase classname="tests.unit.models.test_vocabulary_models.TestMarkKnownRequestValidation" name="test_validate_known_field_wrong_type" time="0.543" /><testcase classname="tests.unit.models.test_vocabulary_models.TestVocabularyLevelValidation" name="test_validate_level_with_multilingual_support" time="0.564" /><testcase classname="tests.unit.models.test_vocabulary_models.TestVocabularyLevelValidation" name="test_validate_known_count_exceeds_total" time="0.555" /><testcase classname="tests.unit.models.test_vocabulary_models.TestVocabularyLevelValidation" name="test_validate_invalid_language_codes" time="0.516" /><testcase classname="tests.unit.models.test_vocabulary_models.TestVocabularyStatsValidation" name="test_validate_multilingual_stats" time="0.553" /><testcase classname="tests.unit.models.test_vocabulary_models.TestVocabularyStatsValidation" name="test_validate_total_known_exceeds_total" time="0.571" /><testcase classname="tests.unit.models.test_vocabulary_models.TestVocabularyLibraryWord" name="test_valid_library_word_multilingual" time="0.557" /><testcase classname="tests.unit.models.test_vocabulary_models.TestBulkMarkRequest" name="test_valid_bulk_mark_multilingual" time="0.570" /><testcase classname="tests.unit.models.test_vocabulary_models.TestBulkMarkRequest" name="test_invalid_language_code" time="0.558" /><testcase classname="tests.unit.models.test_vocabulary_models.TestSupportedLanguage" name="test_valid_supported_language" time="0.550" /><testcase classname="tests.unit.models.test_vocabulary_models.TestLanguagesResponse" name="test_valid_languages_response" time="0.543" /><testcase classname="tests.unit.models.test_vocabulary_models.TestTranslationPair" name="test_valid_translation_pair" time="0.555" /><testcase classname="tests.unit.models.test_vocabulary_models.TestTranslationPair" name="test_invalid_difficulty_level" time="0.552" /><testcase classname="tests.unit.models.test_vocabulary_models.TestImportRequest" name="test_valid_import_request" time="0.570" /><testcase classname="tests.unit.models.test_vocabulary_models.TestImportRequest" name="test_empty_translation_pairs" time="0.533" /><testcase classname="tests.unit.models.test_vocabulary_models.TestLanguageRequest" name="test_valid_language_request" time="0.544" /><testcase classname="tests.unit.models.test_vocabulary_models.TestLanguageRequest" name="test_valid_language_request_no_translation" time="0.536" /><testcase classname="tests.unit.models.test_vocabulary_models.TestModelIntegration" name="test_vocabulary_level_with_multilingual_words" time="0.538" /><testcase classname="tests.unit.models.test_vocabulary_models.TestModelIntegration" name="test_vocabulary_stats_multilingual_consistency" time="0.531" /><testcase classname="tests.unit.services.test_auth_service.TestAuthServiceRegistration" name="test_register_user_success" time="1.481" /><testcase classname="tests.unit.services.test_auth_service.TestAuthServiceRegistration" name="test_register_user_already_exists" time="0.542" /><testcase classname="tests.unit.services.test_auth_service.TestAuthServiceRegistration" name="test_register_user_invalid_username" time="0.600" /><testcase classname="tests.unit.services.test_auth_service.TestAuthServiceRegistration" name="test_register_user_invalid_password" time="0.564" /><testcase classname="tests.unit.services.test_auth_service.TestAuthServiceRegistration" name="test_register_user_database_error" time="0.787" /><testcase classname="tests.unit.services.test_auth_service.TestAuthServiceLogin" name="test_login_success" time="0.191"><failure message="AttributeError: 'tuple' object has no attribute 'db_session'">tests\unit\services\test_auth_service.py:179: in test_login_success
    auth_service.db_session.execute.return_value.scalar_one_or_none.return_value = mock_user
    ^^^^^^^^^^^^^^^^^^^^^^^
E   AttributeError: 'tuple' object has no attribute 'db_session'</failure></testcase></testsuite></testsuites>
